<?xml version="1.0" encoding="UTF-8"?>
<testsuite xmlns:xsi="http://www.w3.org/2001/XMLSchema-instance" xsi:noNamespaceSchemaLocation="https://maven.apache.org/surefire/maven-surefire-plugin/xsd/surefire-test-report-3.0.xsd" version="3.0" name="com.selimhorri.app.e2e.MultiServiceIntegrationE2ETest" time="1.02" tests="5" errors="0" skipped="3" failures="0">
  <properties>
[...]
</properties>
  <testcase name="testCompleteSystemIntegrationWorkflow" classname="com.selimhorri.app.e2e.MultiServiceIntegrationE2ETest" time="0">
    <skipped message="Requires inter-service communication through Eureka discovery for cart/order verification"/>
  </testcase>
  <testcase name="testConcurrentMultiServiceOperations" classname="com.selimhorri.app.e2e.MultiServiceIntegrationE2ETest" time="0.513">
    <system-out><![CDATA[🌐 Testing against Gateway: http://localhost:9090
⚡ Testing Concurrent Multi-Service Operations
23:59:07.359 [pool-2-thread-3] DEBUG org.springframework.web.client.RestTemplate - HTTP POST http://localhost:9090/user-service/api/users
23:59:07.360 [pool-2-thread-4] DEBUG org.springframework.web.client.RestTemplate - HTTP POST http://localhost:9090/product-service/api/products
23:59:07.360 [pool-2-thread-2] DEBUG org.springframework.web.client.RestTemplate - HTTP POST http://localhost:9090/user-service/api/users
23:59:07.360 [pool-2-thread-5] DEBUG org.springframework.web.client.RestTemplate - HTTP POST http://localhost:9090/product-service/api/products
23:59:07.360 [pool-2-thread-2] DEBUG org.springframework.web.client.RestTemplate - Accept=[application/json, application/*+json]
23:59:07.360 [pool-2-thread-3] DEBUG org.springframework.web.client.RestTemplate - Accept=[application/json, application/*+json]
23:59:07.360 [pool-2-thread-2] DEBUG org.springframework.web.client.RestTemplate - Writing [{"firstName":"ConcurrentUser1","lastName":"TestUser","credential":{"password":"MultiTest123!","roleBasedAuthority":"ROLE_USER","username":"concurrentuser1e848ac12"},"phone":"+1555e848ac1","imageUrl":"https://example.com/multi.jpg","email":"concurrentuser1e848ac12@multitest.com"}] as "application/json"
23:59:07.360 [pool-2-thread-5] DEBUG org.springframework.web.client.RestTemplate - Accept=[application/json, application/*+json]
23:59:07.360 [pool-2-thread-5] DEBUG org.springframework.web.client.RestTemplate - Writing [{"productTitle":"ConcurrentProduct1","priceUnit":20.93,"quantity":16,"imageUrl":"https://example.com/multiproduct.jpg","sku":"MULTIF770E8BC","category":{"categoryId":2}}] as "application/json"
23:59:07.360 [pool-2-thread-3] DEBUG org.springframework.web.client.RestTemplate - Writing [{"firstName":"ConcurrentUser2","lastName":"TestUser","credential":{"password":"MultiTest123!","roleBasedAuthority":"ROLE_USER","username":"concurrentuser27f64a13c"},"phone":"+15557f64a13","imageUrl":"https://example.com/multi.jpg","email":"concurrentuser27f64a13c@multitest.com"}] as "application/json"
23:59:07.364 [pool-2-thread-1] DEBUG org.springframework.web.client.RestTemplate - HTTP POST http://localhost:9090/user-service/api/users
23:59:07.365 [pool-2-thread-4] DEBUG org.springframework.web.client.RestTemplate - Accept=[application/json, application/*+json]
23:59:07.365 [pool-2-thread-4] DEBUG org.springframework.web.client.RestTemplate - Writing [{"productTitle":"ConcurrentProduct0","priceUnit":14.94,"quantity":16,"imageUrl":"https://example.com/multiproduct.jpg","sku":"MULTI7B7C9864","category":{"categoryId":1}}] as "application/json"
23:59:07.365 [pool-2-thread-1] DEBUG org.springframework.web.client.RestTemplate - Accept=[application/json, application/*+json]
23:59:07.365 [pool-2-thread-1] DEBUG org.springframework.web.client.RestTemplate - Writing [{"firstName":"ConcurrentUser0","lastName":"TestUser","credential":{"password":"MultiTest123!","roleBasedAuthority":"ROLE_USER","username":"concurrentuser04d867e51"},"phone":"+15554d867e5","imageUrl":"https://example.com/multi.jpg","email":"concurrentuser04d867e51@multitest.com"}] as "application/json"
23:59:07.517 [pool-2-thread-2] DEBUG org.springframework.web.client.RestTemplate - Response 200 OK
23:59:07.517 [pool-2-thread-2] DEBUG org.springframework.web.client.RestTemplate - Reading to [java.util.Map<?, ?>]
✅ Concurrent user 1 created
23:59:07.519 [pool-2-thread-2] DEBUG org.springframework.web.client.RestTemplate - HTTP POST http://localhost:9090/product-service/api/products
23:59:07.520 [pool-2-thread-2] DEBUG org.springframework.web.client.RestTemplate - Accept=[application/json, application/*+json]
23:59:07.520 [pool-2-thread-2] DEBUG org.springframework.web.client.RestTemplate - Writing [{"productTitle":"ConcurrentProduct2","priceUnit":51.05,"quantity":37,"imageUrl":"https://example.com/multiproduct.jpg","sku":"MULTI913E0538","category":{"categoryId":2}}] as "application/json"
23:59:07.714 [pool-2-thread-2] DEBUG org.springframework.web.client.RestTemplate - Response 200 OK
23:59:07.714 [pool-2-thread-2] DEBUG org.springframework.web.client.RestTemplate - Reading to [java.util.Map<?, ?>]
✅ Concurrent product 2 created
23:59:07.799 [pool-2-thread-3] DEBUG org.springframework.web.client.RestTemplate - Response 200 OK
23:59:07.799 [pool-2-thread-3] DEBUG org.springframework.web.client.RestTemplate - Reading to [java.util.Map<?, ?>]
✅ Concurrent user 2 created
23:59:07.836 [pool-2-thread-1] DEBUG org.springframework.web.client.RestTemplate - Response 200 OK
23:59:07.836 [pool-2-thread-1] DEBUG org.springframework.web.client.RestTemplate - Reading to [java.util.Map<?, ?>]
✅ Concurrent user 0 created
23:59:07.840 [pool-2-thread-5] DEBUG org.springframework.web.client.RestTemplate - Response 200 OK
23:59:07.840 [pool-2-thread-5] DEBUG org.springframework.web.client.RestTemplate - Reading to [java.util.Map<?, ?>]
✅ Concurrent product 1 created
23:59:07.853 [pool-2-thread-4] DEBUG org.springframework.web.client.RestTemplate - Response 200 OK
23:59:07.853 [pool-2-thread-4] DEBUG org.springframework.web.client.RestTemplate - Reading to [java.util.Map<?, ?>]
✅ Concurrent product 0 created
✅ All concurrent operations completed successfully
]]></system-out>
  </testcase>
  <testcase name="testServiceResilienceAndErrorHandling" classname="com.selimhorri.app.e2e.MultiServiceIntegrationE2ETest" time="0.498">
    <system-out><![CDATA[🌐 Testing against Gateway: http://localhost:9090
🛡️ Testing Service Resilience and Error Handling
23:59:07.894 [main] DEBUG org.springframework.web.client.RestTemplate - HTTP POST http://localhost:9090/user-service/api/users
23:59:07.895 [main] DEBUG org.springframework.web.client.RestTemplate - Accept=[application/json, application/*+json]
23:59:07.896 [main] DEBUG org.springframework.web.client.RestTemplate - Writing [{"firstName":"","email":"invalid-email"}] as "application/json"
23:59:08.039 [main] DEBUG org.springframework.web.client.RestTemplate - Response 400 BAD_REQUEST
23:59:08.040 [main] DEBUG org.springframework.web.client.RestTemplate - Reading to [java.util.Map<?, ?>]
✅ Invalid user creation properly rejected
23:59:08.040 [main] DEBUG org.springframework.web.client.RestTemplate - HTTP GET http://localhost:9090/user-service/api/users/99999
23:59:08.040 [main] DEBUG org.springframework.web.client.RestTemplate - Accept=[application/json, application/*+json]
23:59:08.040 [main] DEBUG org.springframework.web.client.RestTemplate - Writing [null] as "application/json"
23:59:08.182 [main] DEBUG org.springframework.web.client.RestTemplate - Response 404 NOT_FOUND
23:59:08.185 [main] DEBUG org.springframework.web.client.RestTemplate - Reading to [java.util.Map<?, ?>]
✅ Non-existent user properly returns 404
23:59:08.194 [main] DEBUG org.springframework.web.client.RestTemplate - HTTP POST http://localhost:9090/order-service/api/orders
23:59:08.194 [main] DEBUG org.springframework.web.client.RestTemplate - Accept=[application/json, application/*+json]
23:59:08.194 [main] DEBUG org.springframework.web.client.RestTemplate - Writing [{"orderFee":25.0,"orderDate":"30-11-2025__23:59:08:186369","orderDesc":"Test order with invalid cart","cart":{"cartId":99999}}] as "application/json"
23:59:08.358 [main] DEBUG org.springframework.web.client.RestTemplate - Response 500 INTERNAL_SERVER_ERROR
23:59:08.358 [main] DEBUG org.springframework.web.client.RestTemplate - Reading to [java.util.Map<?, ?>]
✅ Invalid order creation properly handled
✅ Service resilience tests completed
]]></system-out>
  </testcase>
  <testcase name="testDataIntegrityAcrossServices" classname="com.selimhorri.app.e2e.MultiServiceIntegrationE2ETest" time="0">
    <skipped message="Requires inter-service communication through Eureka discovery for cart/order operations"/>
  </testcase>
  <testcase name="testHighVolumeDataOperations" classname="com.selimhorri.app.e2e.MultiServiceIntegrationE2ETest" time="0">
    <skipped message="Test expects List response but API returns wrapped object - needs test adjustment"/>
  </testcase>
</testsuite>