<?xml version="1.0" encoding="UTF-8"?>
<testsuite xmlns:xsi="http://www.w3.org/2001/XMLSchema-instance" xsi:noNamespaceSchemaLocation="https://maven.apache.org/surefire/maven-surefire-plugin/xsd/surefire-test-report-3.0.xsd" version="3.0" name="com.selimhorri.app.e2e.PerformanceAndLoadE2ETest" time="88.211" tests="6" errors="0" skipped="0" failures="2">
  <properties>
[...]
</properties>
  <testcase name="testBasicResponseTimeMetrics" classname="com.selimhorri.app.e2e.PerformanceAndLoadE2ETest" time="18.087">
    <system-out><![CDATA[🌐 Testing against Gateway: http://localhost:9090
📊 Testing Basic Response Time Metrics
23:21:45.275 [main] DEBUG org.springframework.web.client.RestTemplate - HTTP GET http://localhost:9090/user-service/api/users
23:21:45.275 [main] DEBUG org.springframework.web.client.RestTemplate - Accept=[application/json, application/*+json]
23:21:45.488 [main] DEBUG org.springframework.web.client.RestTemplate - Response 200 OK
23:21:45.488 [main] DEBUG org.springframework.web.client.RestTemplate - Reading to [java.util.Map<?, ?>]
23:21:45.543 [main] DEBUG org.springframework.web.client.RestTemplate - HTTP GET http://localhost:9090/user-service/api/users
23:21:45.543 [main] DEBUG org.springframework.web.client.RestTemplate - Accept=[application/json, application/*+json]
23:21:45.778 [main] DEBUG org.springframework.web.client.RestTemplate - Response 200 OK
23:21:45.779 [main] DEBUG org.springframework.web.client.RestTemplate - Reading to [java.util.Map<?, ?>]
23:21:45.834 [main] DEBUG org.springframework.web.client.RestTemplate - HTTP GET http://localhost:9090/user-service/api/users
23:21:45.834 [main] DEBUG org.springframework.web.client.RestTemplate - Accept=[application/json, application/*+json]
23:21:46.149 [main] DEBUG org.springframework.web.client.RestTemplate - Response 200 OK
23:21:46.149 [main] DEBUG org.springframework.web.client.RestTemplate - Reading to [java.util.Map<?, ?>]
23:21:46.208 [main] DEBUG org.springframework.web.client.RestTemplate - HTTP GET http://localhost:9090/user-service/api/users
23:21:46.208 [main] DEBUG org.springframework.web.client.RestTemplate - Accept=[application/json, application/*+json]
23:21:46.483 [main] DEBUG org.springframework.web.client.RestTemplate - Response 200 OK
23:21:46.485 [main] DEBUG org.springframework.web.client.RestTemplate - Reading to [java.util.Map<?, ?>]
23:21:46.542 [main] DEBUG org.springframework.web.client.RestTemplate - HTTP GET http://localhost:9090/user-service/api/users
23:21:46.542 [main] DEBUG org.springframework.web.client.RestTemplate - Accept=[application/json, application/*+json]
23:21:46.824 [main] DEBUG org.springframework.web.client.RestTemplate - Response 200 OK
23:21:46.826 [main] DEBUG org.springframework.web.client.RestTemplate - Reading to [java.util.Map<?, ?>]
23:21:46.889 [main] DEBUG org.springframework.web.client.RestTemplate - HTTP GET http://localhost:9090/user-service/api/users
23:21:46.890 [main] DEBUG org.springframework.web.client.RestTemplate - Accept=[application/json, application/*+json]
23:21:47.084 [main] DEBUG org.springframework.web.client.RestTemplate - Response 200 OK
23:21:47.085 [main] DEBUG org.springframework.web.client.RestTemplate - Reading to [java.util.Map<?, ?>]
23:21:47.147 [main] DEBUG org.springframework.web.client.RestTemplate - HTTP GET http://localhost:9090/user-service/api/users
23:21:47.149 [main] DEBUG org.springframework.web.client.RestTemplate - Accept=[application/json, application/*+json]
23:21:47.446 [main] DEBUG org.springframework.web.client.RestTemplate - Response 200 OK
23:21:47.447 [main] DEBUG org.springframework.web.client.RestTemplate - Reading to [java.util.Map<?, ?>]
23:21:47.501 [main] DEBUG org.springframework.web.client.RestTemplate - HTTP GET http://localhost:9090/user-service/api/users
23:21:47.501 [main] DEBUG org.springframework.web.client.RestTemplate - Accept=[application/json, application/*+json]
23:21:47.972 [main] DEBUG org.springframework.web.client.RestTemplate - Response 200 OK
23:21:47.988 [main] DEBUG org.springframework.web.client.RestTemplate - Reading to [java.util.Map<?, ?>]
23:21:48.052 [main] DEBUG org.springframework.web.client.RestTemplate - HTTP GET http://localhost:9090/user-service/api/users
23:21:48.053 [main] DEBUG org.springframework.web.client.RestTemplate - Accept=[application/json, application/*+json]
23:21:48.308 [main] DEBUG org.springframework.web.client.RestTemplate - Response 200 OK
23:21:48.310 [main] DEBUG org.springframework.web.client.RestTemplate - Reading to [java.util.Map<?, ?>]
23:21:48.368 [main] DEBUG org.springframework.web.client.RestTemplate - HTTP GET http://localhost:9090/user-service/api/users
23:21:48.368 [main] DEBUG org.springframework.web.client.RestTemplate - Accept=[application/json, application/*+json]
23:21:48.579 [main] DEBUG org.springframework.web.client.RestTemplate - Response 200 OK
23:21:48.580 [main] DEBUG org.springframework.web.client.RestTemplate - Reading to [java.util.Map<?, ?>]
23:21:48.633 [main] DEBUG org.springframework.web.client.RestTemplate - HTTP GET http://localhost:9090/user-service/api/users
23:21:48.633 [main] DEBUG org.springframework.web.client.RestTemplate - Accept=[application/json, application/*+json]
23:21:49.079 [main] DEBUG org.springframework.web.client.RestTemplate - Response 200 OK
23:21:49.080 [main] DEBUG org.springframework.web.client.RestTemplate - Reading to [java.util.Map<?, ?>]
23:21:49.139 [main] DEBUG org.springframework.web.client.RestTemplate - HTTP GET http://localhost:9090/user-service/api/users
23:21:49.139 [main] DEBUG org.springframework.web.client.RestTemplate - Accept=[application/json, application/*+json]
23:21:49.394 [main] DEBUG org.springframework.web.client.RestTemplate - Response 200 OK
23:21:49.399 [main] DEBUG org.springframework.web.client.RestTemplate - Reading to [java.util.Map<?, ?>]
23:21:49.453 [main] DEBUG org.springframework.web.client.RestTemplate - HTTP GET http://localhost:9090/user-service/api/users
23:21:49.453 [main] DEBUG org.springframework.web.client.RestTemplate - Accept=[application/json, application/*+json]
23:21:49.723 [main] DEBUG org.springframework.web.client.RestTemplate - Response 200 OK
23:21:49.724 [main] DEBUG org.springframework.web.client.RestTemplate - Reading to [java.util.Map<?, ?>]
23:21:49.785 [main] DEBUG org.springframework.web.client.RestTemplate - HTTP GET http://localhost:9090/user-service/api/users
23:21:49.786 [main] DEBUG org.springframework.web.client.RestTemplate - Accept=[application/json, application/*+json]
23:21:50.375 [main] DEBUG org.springframework.web.client.RestTemplate - Response 200 OK
23:21:50.378 [main] DEBUG org.springframework.web.client.RestTemplate - Reading to [java.util.Map<?, ?>]
23:21:50.432 [main] DEBUG org.springframework.web.client.RestTemplate - HTTP GET http://localhost:9090/user-service/api/users
23:21:50.432 [main] DEBUG org.springframework.web.client.RestTemplate - Accept=[application/json, application/*+json]
23:21:50.714 [main] DEBUG org.springframework.web.client.RestTemplate - Response 200 OK
23:21:50.714 [main] DEBUG org.springframework.web.client.RestTemplate - Reading to [java.util.Map<?, ?>]
23:21:50.775 [main] DEBUG org.springframework.web.client.RestTemplate - HTTP GET http://localhost:9090/user-service/api/users
23:21:50.775 [main] DEBUG org.springframework.web.client.RestTemplate - Accept=[application/json, application/*+json]
23:21:51.248 [main] DEBUG org.springframework.web.client.RestTemplate - Response 200 OK
23:21:51.249 [main] DEBUG org.springframework.web.client.RestTemplate - Reading to [java.util.Map<?, ?>]
23:21:51.306 [main] DEBUG org.springframework.web.client.RestTemplate - HTTP GET http://localhost:9090/user-service/api/users
23:21:51.307 [main] DEBUG org.springframework.web.client.RestTemplate - Accept=[application/json, application/*+json]
23:21:51.527 [main] DEBUG org.springframework.web.client.RestTemplate - Response 200 OK
23:21:51.531 [main] DEBUG org.springframework.web.client.RestTemplate - Reading to [java.util.Map<?, ?>]
23:21:51.591 [main] DEBUG org.springframework.web.client.RestTemplate - HTTP GET http://localhost:9090/user-service/api/users
23:21:51.591 [main] DEBUG org.springframework.web.client.RestTemplate - Accept=[application/json, application/*+json]
23:21:51.863 [main] DEBUG org.springframework.web.client.RestTemplate - Response 200 OK
23:21:51.865 [main] DEBUG org.springframework.web.client.RestTemplate - Reading to [java.util.Map<?, ?>]
23:21:51.921 [main] DEBUG org.springframework.web.client.RestTemplate - HTTP GET http://localhost:9090/user-service/api/users
23:21:51.921 [main] DEBUG org.springframework.web.client.RestTemplate - Accept=[application/json, application/*+json]
23:21:52.138 [main] DEBUG org.springframework.web.client.RestTemplate - Response 200 OK
23:21:52.140 [main] DEBUG org.springframework.web.client.RestTemplate - Reading to [java.util.Map<?, ?>]
23:21:52.195 [main] DEBUG org.springframework.web.client.RestTemplate - HTTP GET http://localhost:9090/user-service/api/users
23:21:52.195 [main] DEBUG org.springframework.web.client.RestTemplate - Accept=[application/json, application/*+json]
23:21:52.561 [main] DEBUG org.springframework.web.client.RestTemplate - Response 200 OK
23:21:52.561 [main] DEBUG org.springframework.web.client.RestTemplate - Reading to [java.util.Map<?, ?>]
23:21:52.615 [main] DEBUG org.springframework.web.client.RestTemplate - HTTP GET http://localhost:9090/product-service/api/products
23:21:52.615 [main] DEBUG org.springframework.web.client.RestTemplate - Accept=[application/json, application/*+json]
23:21:53.151 [main] DEBUG org.springframework.web.client.RestTemplate - Response 200 OK
23:21:53.154 [main] DEBUG org.springframework.web.client.RestTemplate - Reading to [java.util.Map<?, ?>]
23:21:53.216 [main] DEBUG org.springframework.web.client.RestTemplate - HTTP GET http://localhost:9090/product-service/api/products
23:21:53.216 [main] DEBUG org.springframework.web.client.RestTemplate - Accept=[application/json, application/*+json]
23:21:53.379 [main] DEBUG org.springframework.web.client.RestTemplate - Response 200 OK
23:21:53.380 [main] DEBUG org.springframework.web.client.RestTemplate - Reading to [java.util.Map<?, ?>]
23:21:53.434 [main] DEBUG org.springframework.web.client.RestTemplate - HTTP GET http://localhost:9090/product-service/api/products
23:21:53.434 [main] DEBUG org.springframework.web.client.RestTemplate - Accept=[application/json, application/*+json]
23:21:53.592 [main] DEBUG org.springframework.web.client.RestTemplate - Response 200 OK
23:21:53.597 [main] DEBUG org.springframework.web.client.RestTemplate - Reading to [java.util.Map<?, ?>]
23:21:53.648 [main] DEBUG org.springframework.web.client.RestTemplate - HTTP GET http://localhost:9090/product-service/api/products
23:21:53.649 [main] DEBUG org.springframework.web.client.RestTemplate - Accept=[application/json, application/*+json]
23:21:53.806 [main] DEBUG org.springframework.web.client.RestTemplate - Response 200 OK
23:21:53.806 [main] DEBUG org.springframework.web.client.RestTemplate - Reading to [java.util.Map<?, ?>]
23:21:53.862 [main] DEBUG org.springframework.web.client.RestTemplate - HTTP GET http://localhost:9090/product-service/api/products
23:21:53.862 [main] DEBUG org.springframework.web.client.RestTemplate - Accept=[application/json, application/*+json]
23:21:54.014 [main] DEBUG org.springframework.web.client.RestTemplate - Response 200 OK
23:21:54.015 [main] DEBUG org.springframework.web.client.RestTemplate - Reading to [java.util.Map<?, ?>]
23:21:54.070 [main] DEBUG org.springframework.web.client.RestTemplate - HTTP GET http://localhost:9090/product-service/api/products
23:21:54.070 [main] DEBUG org.springframework.web.client.RestTemplate - Accept=[application/json, application/*+json]
23:21:54.255 [main] DEBUG org.springframework.web.client.RestTemplate - Response 200 OK
23:21:54.256 [main] DEBUG org.springframework.web.client.RestTemplate - Reading to [java.util.Map<?, ?>]
23:21:54.320 [main] DEBUG org.springframework.web.client.RestTemplate - HTTP GET http://localhost:9090/product-service/api/products
23:21:54.320 [main] DEBUG org.springframework.web.client.RestTemplate - Accept=[application/json, application/*+json]
23:21:54.715 [main] DEBUG org.springframework.web.client.RestTemplate - Response 200 OK
23:21:54.715 [main] DEBUG org.springframework.web.client.RestTemplate - Reading to [java.util.Map<?, ?>]
23:21:54.774 [main] DEBUG org.springframework.web.client.RestTemplate - HTTP GET http://localhost:9090/product-service/api/products
23:21:54.775 [main] DEBUG org.springframework.web.client.RestTemplate - Accept=[application/json, application/*+json]
23:21:54.946 [main] DEBUG org.springframework.web.client.RestTemplate - Response 200 OK
23:21:54.949 [main] DEBUG org.springframework.web.client.RestTemplate - Reading to [java.util.Map<?, ?>]
23:21:55.002 [main] DEBUG org.springframework.web.client.RestTemplate - HTTP GET http://localhost:9090/product-service/api/products
23:21:55.002 [main] DEBUG org.springframework.web.client.RestTemplate - Accept=[application/json, application/*+json]
23:21:55.158 [main] DEBUG org.springframework.web.client.RestTemplate - Response 200 OK
23:21:55.160 [main] DEBUG org.springframework.web.client.RestTemplate - Reading to [java.util.Map<?, ?>]
23:21:55.218 [main] DEBUG org.springframework.web.client.RestTemplate - HTTP GET http://localhost:9090/product-service/api/products
23:21:55.218 [main] DEBUG org.springframework.web.client.RestTemplate - Accept=[application/json, application/*+json]
23:21:55.379 [main] DEBUG org.springframework.web.client.RestTemplate - Response 200 OK
23:21:55.379 [main] DEBUG org.springframework.web.client.RestTemplate - Reading to [java.util.Map<?, ?>]
23:21:55.435 [main] DEBUG org.springframework.web.client.RestTemplate - HTTP GET http://localhost:9090/product-service/api/products
23:21:55.435 [main] DEBUG org.springframework.web.client.RestTemplate - Accept=[application/json, application/*+json]
23:21:55.850 [main] DEBUG org.springframework.web.client.RestTemplate - Response 200 OK
23:21:55.850 [main] DEBUG org.springframework.web.client.RestTemplate - Reading to [java.util.Map<?, ?>]
23:21:55.913 [main] DEBUG org.springframework.web.client.RestTemplate - HTTP GET http://localhost:9090/product-service/api/products
23:21:55.913 [main] DEBUG org.springframework.web.client.RestTemplate - Accept=[application/json, application/*+json]
23:21:56.323 [main] DEBUG org.springframework.web.client.RestTemplate - Response 200 OK
23:21:56.324 [main] DEBUG org.springframework.web.client.RestTemplate - Reading to [java.util.Map<?, ?>]
23:21:56.390 [main] DEBUG org.springframework.web.client.RestTemplate - HTTP GET http://localhost:9090/product-service/api/products
23:21:56.393 [main] DEBUG org.springframework.web.client.RestTemplate - Accept=[application/json, application/*+json]
23:21:56.550 [main] DEBUG org.springframework.web.client.RestTemplate - Response 200 OK
23:21:56.553 [main] DEBUG org.springframework.web.client.RestTemplate - Reading to [java.util.Map<?, ?>]
23:21:56.607 [main] DEBUG org.springframework.web.client.RestTemplate - HTTP GET http://localhost:9090/product-service/api/products
23:21:56.607 [main] DEBUG org.springframework.web.client.RestTemplate - Accept=[application/json, application/*+json]
23:21:56.767 [main] DEBUG org.springframework.web.client.RestTemplate - Response 200 OK
23:21:56.768 [main] DEBUG org.springframework.web.client.RestTemplate - Reading to [java.util.Map<?, ?>]
23:21:56.820 [main] DEBUG org.springframework.web.client.RestTemplate - HTTP GET http://localhost:9090/product-service/api/products
23:21:56.820 [main] DEBUG org.springframework.web.client.RestTemplate - Accept=[application/json, application/*+json]
23:21:57.232 [main] DEBUG org.springframework.web.client.RestTemplate - Response 200 OK
23:21:57.235 [main] DEBUG org.springframework.web.client.RestTemplate - Reading to [java.util.Map<?, ?>]
23:21:57.299 [main] DEBUG org.springframework.web.client.RestTemplate - HTTP GET http://localhost:9090/product-service/api/products
23:21:57.300 [main] DEBUG org.springframework.web.client.RestTemplate - Accept=[application/json, application/*+json]
23:21:57.448 [main] DEBUG org.springframework.web.client.RestTemplate - Response 200 OK
23:21:57.451 [main] DEBUG org.springframework.web.client.RestTemplate - Reading to [java.util.Map<?, ?>]
23:21:57.508 [main] DEBUG org.springframework.web.client.RestTemplate - HTTP GET http://localhost:9090/product-service/api/products
23:21:57.510 [main] DEBUG org.springframework.web.client.RestTemplate - Accept=[application/json, application/*+json]
23:21:57.665 [main] DEBUG org.springframework.web.client.RestTemplate - Response 200 OK
23:21:57.666 [main] DEBUG org.springframework.web.client.RestTemplate - Reading to [java.util.Map<?, ?>]
23:21:57.721 [main] DEBUG org.springframework.web.client.RestTemplate - HTTP GET http://localhost:9090/product-service/api/products
23:21:57.721 [main] DEBUG org.springframework.web.client.RestTemplate - Accept=[application/json, application/*+json]
23:21:57.879 [main] DEBUG org.springframework.web.client.RestTemplate - Response 200 OK
23:21:57.882 [main] DEBUG org.springframework.web.client.RestTemplate - Reading to [java.util.Map<?, ?>]
23:21:57.941 [main] DEBUG org.springframework.web.client.RestTemplate - HTTP GET http://localhost:9090/product-service/api/products
23:21:57.942 [main] DEBUG org.springframework.web.client.RestTemplate - Accept=[application/json, application/*+json]
23:21:58.099 [main] DEBUG org.springframework.web.client.RestTemplate - Response 200 OK
23:21:58.099 [main] DEBUG org.springframework.web.client.RestTemplate - Reading to [java.util.Map<?, ?>]
23:21:58.162 [main] DEBUG org.springframework.web.client.RestTemplate - HTTP GET http://localhost:9090/product-service/api/products
23:21:58.164 [main] DEBUG org.springframework.web.client.RestTemplate - Accept=[application/json, application/*+json]
23:21:58.570 [main] DEBUG org.springframework.web.client.RestTemplate - Response 200 OK
23:21:58.571 [main] DEBUG org.springframework.web.client.RestTemplate - Reading to [java.util.Map<?, ?>]
23:21:58.629 [main] DEBUG org.springframework.web.client.RestTemplate - HTTP GET http://localhost:9090/order-service/api/orders
23:21:58.630 [main] DEBUG org.springframework.web.client.RestTemplate - Accept=[application/json, application/*+json]
23:21:58.808 [main] DEBUG org.springframework.web.client.RestTemplate - Response 200 OK
23:21:58.809 [main] DEBUG org.springframework.web.client.RestTemplate - Reading to [java.util.Map<?, ?>]
23:21:58.864 [main] DEBUG org.springframework.web.client.RestTemplate - HTTP GET http://localhost:9090/order-service/api/orders
23:21:58.864 [main] DEBUG org.springframework.web.client.RestTemplate - Accept=[application/json, application/*+json]
23:21:59.287 [main] DEBUG org.springframework.web.client.RestTemplate - Response 200 OK
23:21:59.287 [main] DEBUG org.springframework.web.client.RestTemplate - Reading to [java.util.Map<?, ?>]
23:21:59.344 [main] DEBUG org.springframework.web.client.RestTemplate - HTTP GET http://localhost:9090/order-service/api/orders
23:21:59.344 [main] DEBUG org.springframework.web.client.RestTemplate - Accept=[application/json, application/*+json]
23:21:59.502 [main] DEBUG org.springframework.web.client.RestTemplate - Response 200 OK
23:21:59.503 [main] DEBUG org.springframework.web.client.RestTemplate - Reading to [java.util.Map<?, ?>]
23:21:59.557 [main] DEBUG org.springframework.web.client.RestTemplate - HTTP GET http://localhost:9090/order-service/api/orders
23:21:59.558 [main] DEBUG org.springframework.web.client.RestTemplate - Accept=[application/json, application/*+json]
23:21:59.706 [main] DEBUG org.springframework.web.client.RestTemplate - Response 200 OK
23:21:59.707 [main] DEBUG org.springframework.web.client.RestTemplate - Reading to [java.util.Map<?, ?>]
23:21:59.759 [main] DEBUG org.springframework.web.client.RestTemplate - HTTP GET http://localhost:9090/order-service/api/orders
23:21:59.760 [main] DEBUG org.springframework.web.client.RestTemplate - Accept=[application/json, application/*+json]
23:21:59.932 [main] DEBUG org.springframework.web.client.RestTemplate - Response 200 OK
23:21:59.933 [main] DEBUG org.springframework.web.client.RestTemplate - Reading to [java.util.Map<?, ?>]
23:21:59.990 [main] DEBUG org.springframework.web.client.RestTemplate - HTTP GET http://localhost:9090/order-service/api/orders
23:21:59.990 [main] DEBUG org.springframework.web.client.RestTemplate - Accept=[application/json, application/*+json]
23:22:00.149 [main] DEBUG org.springframework.web.client.RestTemplate - Response 200 OK
23:22:00.150 [main] DEBUG org.springframework.web.client.RestTemplate - Reading to [java.util.Map<?, ?>]
23:22:00.203 [main] DEBUG org.springframework.web.client.RestTemplate - HTTP GET http://localhost:9090/order-service/api/orders
23:22:00.203 [main] DEBUG org.springframework.web.client.RestTemplate - Accept=[application/json, application/*+json]
23:22:00.366 [main] DEBUG org.springframework.web.client.RestTemplate - Response 200 OK
23:22:00.366 [main] DEBUG org.springframework.web.client.RestTemplate - Reading to [java.util.Map<?, ?>]
23:22:00.422 [main] DEBUG org.springframework.web.client.RestTemplate - HTTP GET http://localhost:9090/order-service/api/orders
23:22:00.423 [main] DEBUG org.springframework.web.client.RestTemplate - Accept=[application/json, application/*+json]
23:22:00.584 [main] DEBUG org.springframework.web.client.RestTemplate - Response 200 OK
23:22:00.584 [main] DEBUG org.springframework.web.client.RestTemplate - Reading to [java.util.Map<?, ?>]
23:22:00.650 [main] DEBUG org.springframework.web.client.RestTemplate - HTTP GET http://localhost:9090/order-service/api/orders
23:22:00.651 [main] DEBUG org.springframework.web.client.RestTemplate - Accept=[application/json, application/*+json]
23:22:00.802 [main] DEBUG org.springframework.web.client.RestTemplate - Response 200 OK
23:22:00.803 [main] DEBUG org.springframework.web.client.RestTemplate - Reading to [java.util.Map<?, ?>]
23:22:00.856 [main] DEBUG org.springframework.web.client.RestTemplate - HTTP GET http://localhost:9090/order-service/api/orders
23:22:00.856 [main] DEBUG org.springframework.web.client.RestTemplate - Accept=[application/json, application/*+json]
23:22:01.020 [main] DEBUG org.springframework.web.client.RestTemplate - Response 200 OK
23:22:01.022 [main] DEBUG org.springframework.web.client.RestTemplate - Reading to [java.util.Map<?, ?>]
23:22:01.079 [main] DEBUG org.springframework.web.client.RestTemplate - HTTP GET http://localhost:9090/order-service/api/orders
23:22:01.080 [main] DEBUG org.springframework.web.client.RestTemplate - Accept=[application/json, application/*+json]
23:22:01.237 [main] DEBUG org.springframework.web.client.RestTemplate - Response 200 OK
23:22:01.238 [main] DEBUG org.springframework.web.client.RestTemplate - Reading to [java.util.Map<?, ?>]
23:22:01.299 [main] DEBUG org.springframework.web.client.RestTemplate - HTTP GET http://localhost:9090/order-service/api/orders
23:22:01.299 [main] DEBUG org.springframework.web.client.RestTemplate - Accept=[application/json, application/*+json]
23:22:01.465 [main] DEBUG org.springframework.web.client.RestTemplate - Response 200 OK
23:22:01.467 [main] DEBUG org.springframework.web.client.RestTemplate - Reading to [java.util.Map<?, ?>]
23:22:01.523 [main] DEBUG org.springframework.web.client.RestTemplate - HTTP GET http://localhost:9090/order-service/api/orders
23:22:01.525 [main] DEBUG org.springframework.web.client.RestTemplate - Accept=[application/json, application/*+json]
23:22:01.717 [main] DEBUG org.springframework.web.client.RestTemplate - Response 200 OK
23:22:01.717 [main] DEBUG org.springframework.web.client.RestTemplate - Reading to [java.util.Map<?, ?>]
23:22:01.775 [main] DEBUG org.springframework.web.client.RestTemplate - HTTP GET http://localhost:9090/order-service/api/orders
23:22:01.775 [main] DEBUG org.springframework.web.client.RestTemplate - Accept=[application/json, application/*+json]
23:22:01.930 [main] DEBUG org.springframework.web.client.RestTemplate - Response 200 OK
23:22:01.931 [main] DEBUG org.springframework.web.client.RestTemplate - Reading to [java.util.Map<?, ?>]
23:22:01.987 [main] DEBUG org.springframework.web.client.RestTemplate - HTTP GET http://localhost:9090/order-service/api/orders
23:22:01.987 [main] DEBUG org.springframework.web.client.RestTemplate - Accept=[application/json, application/*+json]
23:22:02.140 [main] DEBUG org.springframework.web.client.RestTemplate - Response 200 OK
23:22:02.140 [main] DEBUG org.springframework.web.client.RestTemplate - Reading to [java.util.Map<?, ?>]
23:22:02.191 [main] DEBUG org.springframework.web.client.RestTemplate - HTTP GET http://localhost:9090/order-service/api/orders
23:22:02.191 [main] DEBUG org.springframework.web.client.RestTemplate - Accept=[application/json, application/*+json]
23:22:02.349 [main] DEBUG org.springframework.web.client.RestTemplate - Response 200 OK
23:22:02.349 [main] DEBUG org.springframework.web.client.RestTemplate - Reading to [java.util.Map<?, ?>]
23:22:02.400 [main] DEBUG org.springframework.web.client.RestTemplate - HTTP GET http://localhost:9090/order-service/api/orders
23:22:02.400 [main] DEBUG org.springframework.web.client.RestTemplate - Accept=[application/json, application/*+json]
23:22:02.556 [main] DEBUG org.springframework.web.client.RestTemplate - Response 200 OK
23:22:02.556 [main] DEBUG org.springframework.web.client.RestTemplate - Reading to [java.util.Map<?, ?>]
23:22:02.614 [main] DEBUG org.springframework.web.client.RestTemplate - HTTP GET http://localhost:9090/order-service/api/orders
23:22:02.614 [main] DEBUG org.springframework.web.client.RestTemplate - Accept=[application/json, application/*+json]
23:22:02.815 [main] DEBUG org.springframework.web.client.RestTemplate - Response 200 OK
23:22:02.816 [main] DEBUG org.springframework.web.client.RestTemplate - Reading to [java.util.Map<?, ?>]
23:22:02.869 [main] DEBUG org.springframework.web.client.RestTemplate - HTTP GET http://localhost:9090/order-service/api/orders
23:22:02.869 [main] DEBUG org.springframework.web.client.RestTemplate - Accept=[application/json, application/*+json]
23:22:03.052 [main] DEBUG org.springframework.web.client.RestTemplate - Response 200 OK
23:22:03.052 [main] DEBUG org.springframework.web.client.RestTemplate - Reading to [java.util.Map<?, ?>]
23:22:03.105 [main] DEBUG org.springframework.web.client.RestTemplate - HTTP GET http://localhost:9090/order-service/api/orders
23:22:03.105 [main] DEBUG org.springframework.web.client.RestTemplate - Accept=[application/json, application/*+json]
23:22:03.256 [main] DEBUG org.springframework.web.client.RestTemplate - Response 200 OK
23:22:03.256 [main] DEBUG org.springframework.web.client.RestTemplate - Reading to [java.util.Map<?, ?>]

📈 RESPONSE TIME METRICS:
==========================
User Service GET:
  Samples: 20
  Average: 312.20ms
  Min: 197ms
  Max: 595ms
  95th percentile: 498ms
  99th percentile: 595ms
Product Service GET:
  Samples: 20
  Average: 244.50ms
  Min: 153ms
  Max: 541ms
  95th percentile: 417ms
  99th percentile: 541ms
Order Service GET:
  Samples: 20
  Average: 179.80ms
  Min: 150ms
  Max: 425ms
  95th percentile: 203ms
  99th percentile: 425ms
✅ All services respond within acceptable time limits
]]></system-out>
  </testcase>
  <testcase name="testConcurrentUserLoad" classname="com.selimhorri.app.e2e.PerformanceAndLoadE2ETest" time="2.77">
    <system-out><![CDATA[🌐 Testing against Gateway: http://localhost:9090
👥 Testing Concurrent User Load
Simulating 10 concurrent users, 5 requests each...
23:22:03.397 [pool-3-thread-1] DEBUG org.springframework.web.client.RestTemplate - HTTP GET http://localhost:9090/product-service/api/products
23:22:03.397 [pool-3-thread-3] DEBUG org.springframework.web.client.RestTemplate - HTTP GET http://localhost:9090/product-service/api/products
23:22:03.397 [pool-3-thread-5] DEBUG org.springframework.web.client.RestTemplate - HTTP GET http://localhost:9090/product-service/api/products
23:22:03.398 [pool-3-thread-2] DEBUG org.springframework.web.client.RestTemplate - HTTP GET http://localhost:9090/product-service/api/products
23:22:03.398 [pool-3-thread-1] DEBUG org.springframework.web.client.RestTemplate - Accept=[application/json, application/*+json]
23:22:03.399 [pool-3-thread-3] DEBUG org.springframework.web.client.RestTemplate - Accept=[application/json, application/*+json]
23:22:03.399 [pool-3-thread-5] DEBUG org.springframework.web.client.RestTemplate - Accept=[application/json, application/*+json]
23:22:03.399 [pool-3-thread-2] DEBUG org.springframework.web.client.RestTemplate - Accept=[application/json, application/*+json]
23:22:03.400 [pool-3-thread-7] DEBUG org.springframework.web.client.RestTemplate - HTTP GET http://localhost:9090/product-service/api/products
23:22:03.400 [pool-3-thread-7] DEBUG org.springframework.web.client.RestTemplate - Accept=[application/json, application/*+json]
23:22:03.402 [pool-3-thread-9] DEBUG org.springframework.web.client.RestTemplate - HTTP GET http://localhost:9090/product-service/api/products
23:22:03.402 [pool-3-thread-8] DEBUG org.springframework.web.client.RestTemplate - HTTP GET http://localhost:9090/product-service/api/products
23:22:03.403 [pool-3-thread-4] DEBUG org.springframework.web.client.RestTemplate - HTTP GET http://localhost:9090/product-service/api/products
23:22:03.403 [pool-3-thread-8] DEBUG org.springframework.web.client.RestTemplate - Accept=[application/json, application/*+json]
23:22:03.404 [pool-3-thread-9] DEBUG org.springframework.web.client.RestTemplate - Accept=[application/json, application/*+json]
23:22:03.403 [pool-3-thread-10] DEBUG org.springframework.web.client.RestTemplate - HTTP GET http://localhost:9090/product-service/api/products
23:22:03.405 [pool-3-thread-10] DEBUG org.springframework.web.client.RestTemplate - Accept=[application/json, application/*+json]
23:22:03.406 [pool-3-thread-4] DEBUG org.springframework.web.client.RestTemplate - Accept=[application/json, application/*+json]
23:22:03.408 [pool-3-thread-6] DEBUG org.springframework.web.client.RestTemplate - HTTP GET http://localhost:9090/product-service/api/products
23:22:03.408 [pool-3-thread-6] DEBUG org.springframework.web.client.RestTemplate - Accept=[application/json, application/*+json]
23:22:03.565 [pool-3-thread-1] DEBUG org.springframework.web.client.RestTemplate - Response 200 OK
23:22:03.567 [pool-3-thread-1] DEBUG org.springframework.web.client.RestTemplate - Reading to [java.util.List<?>]
23:22:03.567 [pool-3-thread-1] DEBUG org.springframework.web.client.RestTemplate - HTTP GET http://localhost:9090/product-service/api/products
23:22:03.567 [pool-3-thread-1] DEBUG org.springframework.web.client.RestTemplate - Accept=[application/json, application/*+json]
23:22:03.905 [pool-3-thread-1] DEBUG org.springframework.web.client.RestTemplate - Response 200 OK
23:22:03.905 [pool-3-thread-1] DEBUG org.springframework.web.client.RestTemplate - Reading to [java.util.List<?>]
23:22:03.906 [pool-3-thread-9] DEBUG org.springframework.web.client.RestTemplate - Response 200 OK
23:22:03.906 [pool-3-thread-3] DEBUG org.springframework.web.client.RestTemplate - Response 200 OK
23:22:03.906 [pool-3-thread-9] DEBUG org.springframework.web.client.RestTemplate - Reading to [java.util.List<?>]
23:22:03.907 [pool-3-thread-3] DEBUG org.springframework.web.client.RestTemplate - Reading to [java.util.List<?>]
23:22:03.907 [pool-3-thread-1] DEBUG org.springframework.web.client.RestTemplate - HTTP GET http://localhost:9090/product-service/api/products
23:22:03.907 [pool-3-thread-1] DEBUG org.springframework.web.client.RestTemplate - Accept=[application/json, application/*+json]
23:22:03.909 [pool-3-thread-9] DEBUG org.springframework.web.client.RestTemplate - HTTP GET http://localhost:9090/product-service/api/products
23:22:03.909 [pool-3-thread-3] DEBUG org.springframework.web.client.RestTemplate - HTTP GET http://localhost:9090/product-service/api/products
23:22:03.909 [pool-3-thread-9] DEBUG org.springframework.web.client.RestTemplate - Accept=[application/json, application/*+json]
23:22:03.909 [pool-3-thread-3] DEBUG org.springframework.web.client.RestTemplate - Accept=[application/json, application/*+json]
23:22:03.966 [pool-3-thread-8] DEBUG org.springframework.web.client.RestTemplate - Response 200 OK
23:22:03.967 [pool-3-thread-8] DEBUG org.springframework.web.client.RestTemplate - Reading to [java.util.List<?>]
23:22:03.969 [pool-3-thread-8] DEBUG org.springframework.web.client.RestTemplate - HTTP GET http://localhost:9090/product-service/api/products
23:22:03.970 [pool-3-thread-8] DEBUG org.springframework.web.client.RestTemplate - Accept=[application/json, application/*+json]
23:22:04.000 [pool-3-thread-5] DEBUG org.springframework.web.client.RestTemplate - Response 200 OK
23:22:04.000 [pool-3-thread-7] DEBUG org.springframework.web.client.RestTemplate - Response 200 OK
23:22:04.001 [pool-3-thread-7] DEBUG org.springframework.web.client.RestTemplate - Reading to [java.util.List<?>]
23:22:04.001 [pool-3-thread-5] DEBUG org.springframework.web.client.RestTemplate - Reading to [java.util.List<?>]
23:22:04.003 [pool-3-thread-7] DEBUG org.springframework.web.client.RestTemplate - HTTP GET http://localhost:9090/product-service/api/products
23:22:04.003 [pool-3-thread-7] DEBUG org.springframework.web.client.RestTemplate - Accept=[application/json, application/*+json]
23:22:04.003 [pool-3-thread-5] DEBUG org.springframework.web.client.RestTemplate - HTTP GET http://localhost:9090/product-service/api/products
23:22:04.004 [pool-3-thread-5] DEBUG org.springframework.web.client.RestTemplate - Accept=[application/json, application/*+json]
23:22:04.031 [pool-3-thread-4] DEBUG org.springframework.web.client.RestTemplate - Response 200 OK
23:22:04.032 [pool-3-thread-4] DEBUG org.springframework.web.client.RestTemplate - Reading to [java.util.List<?>]
23:22:04.033 [pool-3-thread-4] DEBUG org.springframework.web.client.RestTemplate - HTTP GET http://localhost:9090/product-service/api/products
23:22:04.033 [pool-3-thread-4] DEBUG org.springframework.web.client.RestTemplate - Accept=[application/json, application/*+json]
23:22:04.033 [pool-3-thread-10] DEBUG org.springframework.web.client.RestTemplate - Response 200 OK
23:22:04.083 [pool-3-thread-6] DEBUG org.springframework.web.client.RestTemplate - Response 200 OK
23:22:04.083 [pool-3-thread-10] DEBUG org.springframework.web.client.RestTemplate - Reading to [java.util.List<?>]
23:22:04.083 [pool-3-thread-6] DEBUG org.springframework.web.client.RestTemplate - Reading to [java.util.List<?>]
23:22:04.084 [pool-3-thread-6] DEBUG org.springframework.web.client.RestTemplate - HTTP GET http://localhost:9090/product-service/api/products
23:22:04.084 [pool-3-thread-10] DEBUG org.springframework.web.client.RestTemplate - HTTP GET http://localhost:9090/product-service/api/products
23:22:04.084 [pool-3-thread-6] DEBUG org.springframework.web.client.RestTemplate - Accept=[application/json, application/*+json]
23:22:04.084 [pool-3-thread-10] DEBUG org.springframework.web.client.RestTemplate - Accept=[application/json, application/*+json]
23:22:04.120 [pool-3-thread-2] DEBUG org.springframework.web.client.RestTemplate - Response 200 OK
23:22:04.121 [pool-3-thread-2] DEBUG org.springframework.web.client.RestTemplate - Reading to [java.util.List<?>]
23:22:04.121 [pool-3-thread-2] DEBUG org.springframework.web.client.RestTemplate - HTTP GET http://localhost:9090/product-service/api/products
23:22:04.121 [pool-3-thread-2] DEBUG org.springframework.web.client.RestTemplate - Accept=[application/json, application/*+json]
23:22:04.255 [pool-3-thread-1] DEBUG org.springframework.web.client.RestTemplate - Response 200 OK
23:22:04.255 [pool-3-thread-3] DEBUG org.springframework.web.client.RestTemplate - Response 200 OK
23:22:04.255 [pool-3-thread-1] DEBUG org.springframework.web.client.RestTemplate - Reading to [java.util.List<?>]
23:22:04.256 [pool-3-thread-3] DEBUG org.springframework.web.client.RestTemplate - Reading to [java.util.List<?>]
23:22:04.257 [pool-3-thread-1] DEBUG org.springframework.web.client.RestTemplate - HTTP GET http://localhost:9090/product-service/api/products
23:22:04.257 [pool-3-thread-3] DEBUG org.springframework.web.client.RestTemplate - HTTP GET http://localhost:9090/product-service/api/products
23:22:04.257 [pool-3-thread-3] DEBUG org.springframework.web.client.RestTemplate - Accept=[application/json, application/*+json]
23:22:04.257 [pool-3-thread-1] DEBUG org.springframework.web.client.RestTemplate - Accept=[application/json, application/*+json]
23:22:04.276 [pool-3-thread-9] DEBUG org.springframework.web.client.RestTemplate - Response 200 OK
23:22:04.276 [pool-3-thread-9] DEBUG org.springframework.web.client.RestTemplate - Reading to [java.util.List<?>]
23:22:04.277 [pool-3-thread-9] DEBUG org.springframework.web.client.RestTemplate - HTTP GET http://localhost:9090/product-service/api/products
23:22:04.278 [pool-3-thread-9] DEBUG org.springframework.web.client.RestTemplate - Accept=[application/json, application/*+json]
23:22:04.346 [pool-3-thread-8] DEBUG org.springframework.web.client.RestTemplate - Response 200 OK
23:22:04.347 [pool-3-thread-8] DEBUG org.springframework.web.client.RestTemplate - Reading to [java.util.List<?>]
23:22:04.348 [pool-3-thread-8] DEBUG org.springframework.web.client.RestTemplate - HTTP GET http://localhost:9090/product-service/api/products
23:22:04.348 [pool-3-thread-8] DEBUG org.springframework.web.client.RestTemplate - Accept=[application/json, application/*+json]
23:22:04.460 [pool-3-thread-6] DEBUG org.springframework.web.client.RestTemplate - Response 200 OK
23:22:04.461 [pool-3-thread-6] DEBUG org.springframework.web.client.RestTemplate - Reading to [java.util.List<?>]
23:22:04.463 [pool-3-thread-6] DEBUG org.springframework.web.client.RestTemplate - HTTP GET http://localhost:9090/product-service/api/products
23:22:04.463 [pool-3-thread-6] DEBUG org.springframework.web.client.RestTemplate - Accept=[application/json, application/*+json]
23:22:04.480 [pool-3-thread-7] DEBUG org.springframework.web.client.RestTemplate - Response 200 OK
23:22:04.484 [pool-3-thread-7] DEBUG org.springframework.web.client.RestTemplate - Reading to [java.util.List<?>]
23:22:04.488 [pool-3-thread-7] DEBUG org.springframework.web.client.RestTemplate - HTTP GET http://localhost:9090/product-service/api/products
23:22:04.488 [pool-3-thread-7] DEBUG org.springframework.web.client.RestTemplate - Accept=[application/json, application/*+json]
23:22:04.579 [pool-3-thread-8] DEBUG org.springframework.web.client.RestTemplate - Response 200 OK
23:22:04.579 [pool-3-thread-8] DEBUG org.springframework.web.client.RestTemplate - Reading to [java.util.List<?>]
23:22:04.581 [pool-3-thread-8] DEBUG org.springframework.web.client.RestTemplate - HTTP GET http://localhost:9090/product-service/api/products
23:22:04.581 [pool-3-thread-8] DEBUG org.springframework.web.client.RestTemplate - Accept=[application/json, application/*+json]
23:22:04.587 [pool-3-thread-10] DEBUG org.springframework.web.client.RestTemplate - Response 200 OK
23:22:04.602 [pool-3-thread-10] DEBUG org.springframework.web.client.RestTemplate - Reading to [java.util.List<?>]
23:22:04.602 [pool-3-thread-4] DEBUG org.springframework.web.client.RestTemplate - Response 200 OK
23:22:04.603 [pool-3-thread-10] DEBUG org.springframework.web.client.RestTemplate - HTTP GET http://localhost:9090/product-service/api/products
23:22:04.603 [pool-3-thread-10] DEBUG org.springframework.web.client.RestTemplate - Accept=[application/json, application/*+json]
23:22:04.627 [pool-3-thread-5] DEBUG org.springframework.web.client.RestTemplate - Response 200 OK
23:22:04.628 [pool-3-thread-4] DEBUG org.springframework.web.client.RestTemplate - Reading to [java.util.List<?>]
23:22:04.630 [pool-3-thread-4] DEBUG org.springframework.web.client.RestTemplate - HTTP GET http://localhost:9090/product-service/api/products
23:22:04.632 [pool-3-thread-4] DEBUG org.springframework.web.client.RestTemplate - Accept=[application/json, application/*+json]
23:22:04.637 [pool-3-thread-5] DEBUG org.springframework.web.client.RestTemplate - Reading to [java.util.List<?>]
23:22:04.638 [pool-3-thread-5] DEBUG org.springframework.web.client.RestTemplate - HTTP GET http://localhost:9090/product-service/api/products
23:22:04.638 [pool-3-thread-5] DEBUG org.springframework.web.client.RestTemplate - Accept=[application/json, application/*+json]
23:22:04.650 [pool-3-thread-2] DEBUG org.springframework.web.client.RestTemplate - Response 200 OK
23:22:04.652 [pool-3-thread-2] DEBUG org.springframework.web.client.RestTemplate - Reading to [java.util.List<?>]
23:22:04.654 [pool-3-thread-2] DEBUG org.springframework.web.client.RestTemplate - HTTP GET http://localhost:9090/product-service/api/products
23:22:04.655 [pool-3-thread-2] DEBUG org.springframework.web.client.RestTemplate - Accept=[application/json, application/*+json]
23:22:04.736 [pool-3-thread-3] DEBUG org.springframework.web.client.RestTemplate - Response 200 OK
23:22:04.738 [pool-3-thread-3] DEBUG org.springframework.web.client.RestTemplate - Reading to [java.util.List<?>]
23:22:04.741 [pool-3-thread-3] DEBUG org.springframework.web.client.RestTemplate - HTTP GET http://localhost:9090/product-service/api/products
23:22:04.741 [pool-3-thread-3] DEBUG org.springframework.web.client.RestTemplate - Accept=[application/json, application/*+json]
23:22:04.750 [pool-3-thread-1] DEBUG org.springframework.web.client.RestTemplate - Response 200 OK
23:22:04.752 [pool-3-thread-1] DEBUG org.springframework.web.client.RestTemplate - Reading to [java.util.List<?>]
23:22:04.757 [pool-3-thread-1] DEBUG org.springframework.web.client.RestTemplate - HTTP GET http://localhost:9090/product-service/api/products
23:22:04.758 [pool-3-thread-1] DEBUG org.springframework.web.client.RestTemplate - Accept=[application/json, application/*+json]
23:22:04.761 [pool-3-thread-9] DEBUG org.springframework.web.client.RestTemplate - Response 200 OK
23:22:04.761 [pool-3-thread-9] DEBUG org.springframework.web.client.RestTemplate - Reading to [java.util.List<?>]
23:22:04.766 [pool-3-thread-9] DEBUG org.springframework.web.client.RestTemplate - HTTP GET http://localhost:9090/product-service/api/products
23:22:04.767 [pool-3-thread-9] DEBUG org.springframework.web.client.RestTemplate - Accept=[application/json, application/*+json]
23:22:04.830 [pool-3-thread-5] DEBUG org.springframework.web.client.RestTemplate - Response 200 OK
23:22:04.831 [pool-3-thread-5] DEBUG org.springframework.web.client.RestTemplate - Reading to [java.util.List<?>]
23:22:04.835 [pool-3-thread-5] DEBUG org.springframework.web.client.RestTemplate - HTTP GET http://localhost:9090/product-service/api/products
23:22:04.835 [pool-3-thread-5] DEBUG org.springframework.web.client.RestTemplate - Accept=[application/json, application/*+json]
23:22:04.861 [pool-3-thread-4] DEBUG org.springframework.web.client.RestTemplate - Response 200 OK
23:22:04.865 [pool-3-thread-4] DEBUG org.springframework.web.client.RestTemplate - Reading to [java.util.List<?>]
23:22:04.867 [pool-3-thread-4] DEBUG org.springframework.web.client.RestTemplate - HTTP GET http://localhost:9090/product-service/api/products
23:22:04.867 [pool-3-thread-4] DEBUG org.springframework.web.client.RestTemplate - Accept=[application/json, application/*+json]
23:22:04.872 [pool-3-thread-2] DEBUG org.springframework.web.client.RestTemplate - Response 200 OK
23:22:04.873 [pool-3-thread-2] DEBUG org.springframework.web.client.RestTemplate - Reading to [java.util.List<?>]
23:22:04.877 [pool-3-thread-2] DEBUG org.springframework.web.client.RestTemplate - HTTP GET http://localhost:9090/product-service/api/products
23:22:04.877 [pool-3-thread-2] DEBUG org.springframework.web.client.RestTemplate - Accept=[application/json, application/*+json]
23:22:05.008 [pool-3-thread-7] DEBUG org.springframework.web.client.RestTemplate - Response 200 OK
23:22:05.008 [pool-3-thread-7] DEBUG org.springframework.web.client.RestTemplate - Reading to [java.util.List<?>]
23:22:05.009 [pool-3-thread-7] DEBUG org.springframework.web.client.RestTemplate - HTTP GET http://localhost:9090/product-service/api/products
23:22:05.009 [pool-3-thread-7] DEBUG org.springframework.web.client.RestTemplate - Accept=[application/json, application/*+json]
23:22:05.051 [pool-3-thread-6] DEBUG org.springframework.web.client.RestTemplate - Response 200 OK
23:22:05.055 [pool-3-thread-6] DEBUG org.springframework.web.client.RestTemplate - Reading to [java.util.List<?>]
23:22:05.056 [pool-3-thread-6] DEBUG org.springframework.web.client.RestTemplate - HTTP GET http://localhost:9090/product-service/api/products
23:22:05.056 [pool-3-thread-6] DEBUG org.springframework.web.client.RestTemplate - Accept=[application/json, application/*+json]
23:22:05.082 [pool-3-thread-8] DEBUG org.springframework.web.client.RestTemplate - Response 200 OK
23:22:05.082 [pool-3-thread-8] DEBUG org.springframework.web.client.RestTemplate - Reading to [java.util.List<?>]
23:22:05.083 [pool-3-thread-8] DEBUG org.springframework.web.client.RestTemplate - HTTP GET http://localhost:9090/product-service/api/products
23:22:05.084 [pool-3-thread-8] DEBUG org.springframework.web.client.RestTemplate - Accept=[application/json, application/*+json]
23:22:05.085 [pool-3-thread-4] DEBUG org.springframework.web.client.RestTemplate - Response 200 OK
23:22:05.090 [pool-3-thread-4] DEBUG org.springframework.web.client.RestTemplate - Reading to [java.util.List<?>]
23:22:05.091 [pool-3-thread-4] DEBUG org.springframework.web.client.RestTemplate - HTTP GET http://localhost:9090/product-service/api/products
23:22:05.091 [pool-3-thread-4] DEBUG org.springframework.web.client.RestTemplate - Accept=[application/json, application/*+json]
23:22:05.093 [pool-3-thread-10] DEBUG org.springframework.web.client.RestTemplate - Response 200 OK
23:22:05.125 [pool-3-thread-10] DEBUG org.springframework.web.client.RestTemplate - Reading to [java.util.List<?>]
23:22:05.126 [pool-3-thread-10] DEBUG org.springframework.web.client.RestTemplate - HTTP GET http://localhost:9090/product-service/api/products
23:22:05.126 [pool-3-thread-10] DEBUG org.springframework.web.client.RestTemplate - Accept=[application/json, application/*+json]
23:22:05.197 [pool-3-thread-1] DEBUG org.springframework.web.client.RestTemplate - Response 200 OK
23:22:05.198 [pool-3-thread-1] DEBUG org.springframework.web.client.RestTemplate - Reading to [java.util.List<?>]
23:22:05.202 [pool-3-thread-3] DEBUG org.springframework.web.client.RestTemplate - Response 200 OK
23:22:05.203 [pool-3-thread-3] DEBUG org.springframework.web.client.RestTemplate - Reading to [java.util.List<?>]
23:22:05.204 [pool-3-thread-3] DEBUG org.springframework.web.client.RestTemplate - HTTP GET http://localhost:9090/product-service/api/products
23:22:05.204 [pool-3-thread-3] DEBUG org.springframework.web.client.RestTemplate - Accept=[application/json, application/*+json]
23:22:05.229 [pool-3-thread-9] DEBUG org.springframework.web.client.RestTemplate - Response 200 OK
23:22:05.229 [pool-3-thread-9] DEBUG org.springframework.web.client.RestTemplate - Reading to [java.util.List<?>]
23:22:05.230 [pool-3-thread-9] DEBUG org.springframework.web.client.RestTemplate - HTTP GET http://localhost:9090/product-service/api/products
23:22:05.230 [pool-3-thread-9] DEBUG org.springframework.web.client.RestTemplate - Accept=[application/json, application/*+json]
23:22:05.281 [pool-3-thread-5] DEBUG org.springframework.web.client.RestTemplate - Response 200 OK
23:22:05.314 [pool-3-thread-5] DEBUG org.springframework.web.client.RestTemplate - Reading to [java.util.List<?>]
23:22:05.315 [pool-3-thread-5] DEBUG org.springframework.web.client.RestTemplate - HTTP GET http://localhost:9090/product-service/api/products
23:22:05.315 [pool-3-thread-5] DEBUG org.springframework.web.client.RestTemplate - Accept=[application/json, application/*+json]
23:22:05.329 [pool-3-thread-10] DEBUG org.springframework.web.client.RestTemplate - Response 200 OK
23:22:05.330 [pool-3-thread-10] DEBUG org.springframework.web.client.RestTemplate - Reading to [java.util.List<?>]
23:22:05.330 [pool-3-thread-10] DEBUG org.springframework.web.client.RestTemplate - HTTP GET http://localhost:9090/product-service/api/products
23:22:05.330 [pool-3-thread-10] DEBUG org.springframework.web.client.RestTemplate - Accept=[application/json, application/*+json]
23:22:05.383 [pool-3-thread-2] DEBUG org.springframework.web.client.RestTemplate - Response 200 OK
23:22:05.384 [pool-3-thread-2] DEBUG org.springframework.web.client.RestTemplate - Reading to [java.util.List<?>]
23:22:05.384 [pool-3-thread-2] DEBUG org.springframework.web.client.RestTemplate - HTTP GET http://localhost:9090/product-service/api/products
23:22:05.384 [pool-3-thread-2] DEBUG org.springframework.web.client.RestTemplate - Accept=[application/json, application/*+json]
23:22:05.448 [pool-3-thread-7] DEBUG org.springframework.web.client.RestTemplate - Response 200 OK
23:22:05.449 [pool-3-thread-7] DEBUG org.springframework.web.client.RestTemplate - Reading to [java.util.List<?>]
23:22:05.450 [pool-3-thread-7] DEBUG org.springframework.web.client.RestTemplate - HTTP GET http://localhost:9090/product-service/api/products
23:22:05.452 [pool-3-thread-7] DEBUG org.springframework.web.client.RestTemplate - Accept=[application/json, application/*+json]
23:22:05.646 [pool-3-thread-6] DEBUG org.springframework.web.client.RestTemplate - Response 200 OK
23:22:05.647 [pool-3-thread-6] DEBUG org.springframework.web.client.RestTemplate - Reading to [java.util.List<?>]
23:22:05.650 [pool-3-thread-6] DEBUG org.springframework.web.client.RestTemplate - HTTP GET http://localhost:9090/product-service/api/products
23:22:05.651 [pool-3-thread-6] DEBUG org.springframework.web.client.RestTemplate - Accept=[application/json, application/*+json]
23:22:05.659 [pool-3-thread-5] DEBUG org.springframework.web.client.RestTemplate - Response 200 OK
23:22:05.660 [pool-3-thread-5] DEBUG org.springframework.web.client.RestTemplate - Reading to [java.util.List<?>]
23:22:05.691 [pool-3-thread-10] DEBUG org.springframework.web.client.RestTemplate - Response 200 OK
23:22:05.695 [pool-3-thread-10] DEBUG org.springframework.web.client.RestTemplate - Reading to [java.util.List<?>]
23:22:05.705 [pool-3-thread-8] DEBUG org.springframework.web.client.RestTemplate - Response 200 OK
23:22:05.708 [pool-3-thread-8] DEBUG org.springframework.web.client.RestTemplate - Reading to [java.util.List<?>]
23:22:05.753 [pool-3-thread-4] DEBUG org.springframework.web.client.RestTemplate - Response 200 OK
23:22:05.759 [pool-3-thread-4] DEBUG org.springframework.web.client.RestTemplate - Reading to [java.util.List<?>]
23:22:05.762 [pool-3-thread-7] DEBUG org.springframework.web.client.RestTemplate - Response 200 OK
23:22:05.762 [pool-3-thread-7] DEBUG org.springframework.web.client.RestTemplate - Reading to [java.util.List<?>]
23:22:05.782 [pool-3-thread-9] DEBUG org.springframework.web.client.RestTemplate - Response 200 OK
23:22:05.786 [pool-3-thread-9] DEBUG org.springframework.web.client.RestTemplate - Reading to [java.util.List<?>]
23:22:05.809 [pool-3-thread-3] DEBUG org.springframework.web.client.RestTemplate - Response 200 OK
23:22:05.813 [pool-3-thread-3] DEBUG org.springframework.web.client.RestTemplate - Reading to [java.util.List<?>]
23:22:05.878 [pool-3-thread-2] DEBUG org.springframework.web.client.RestTemplate - Response 200 OK
23:22:05.881 [pool-3-thread-2] DEBUG org.springframework.web.client.RestTemplate - Reading to [java.util.List<?>]
23:22:06.133 [pool-3-thread-6] DEBUG org.springframework.web.client.RestTemplate - Response 200 OK
23:22:06.134 [pool-3-thread-6] DEBUG org.springframework.web.client.RestTemplate - Reading to [java.util.List<?>]

👥 CONCURRENT LOAD RESULTS:
===========================
Active users: 10
Total requests: 50
Successful: 0
Failed: 50
Success rate: 0.0%
✅ Concurrent load test completed
]]></system-out>
  </testcase>
  <testcase name="testHighVolumeDataCreation" classname="com.selimhorri.app.e2e.PerformanceAndLoadE2ETest" time="11.879">
    <system-out><![CDATA[🌐 Testing against Gateway: http://localhost:9090
📦 Testing High Volume Data Creation
Creating 50 users in rapid succession...
23:22:06.141 [main] DEBUG org.springframework.web.client.RestTemplate - HTTP POST http://localhost:9090/user-service/api/users
23:22:06.141 [main] DEBUG org.springframework.web.client.RestTemplate - Accept=[application/json, application/*+json]
23:22:06.141 [main] DEBUG org.springframework.web.client.RestTemplate - Writing [{firstName=BatchUser0, lastName=PerfUser, credential={password=PerfTest123!, roleBasedAuthority=ROLE_USER, username=batchuser0d53bc726}, phone=+1555d53bc72, imageUrl=https://example.com/perf.jpg, email=batchuser0d53bc726@perftest.com}] as "application/json"
23:22:06.302 [main] DEBUG org.springframework.web.client.RestTemplate - Response 200 OK
23:22:06.302 [main] DEBUG org.springframework.web.client.RestTemplate - Reading to [java.util.Map<?, ?>]
23:22:06.302 [main] DEBUG org.springframework.web.client.RestTemplate - HTTP POST http://localhost:9090/user-service/api/users
23:22:06.302 [main] DEBUG org.springframework.web.client.RestTemplate - Accept=[application/json, application/*+json]
23:22:06.302 [main] DEBUG org.springframework.web.client.RestTemplate - Writing [{firstName=BatchUser1, lastName=PerfUser, credential={password=PerfTest123!, roleBasedAuthority=ROLE_USER, username=batchuser177a7fec9}, phone=+155577a7fec, imageUrl=https://example.com/perf.jpg, email=batchuser177a7fec9@perftest.com}] as "application/json"
23:22:06.468 [main] DEBUG org.springframework.web.client.RestTemplate - Response 200 OK
23:22:06.468 [main] DEBUG org.springframework.web.client.RestTemplate - Reading to [java.util.Map<?, ?>]
23:22:06.471 [main] DEBUG org.springframework.web.client.RestTemplate - HTTP POST http://localhost:9090/user-service/api/users
23:22:06.471 [main] DEBUG org.springframework.web.client.RestTemplate - Accept=[application/json, application/*+json]
23:22:06.473 [main] DEBUG org.springframework.web.client.RestTemplate - Writing [{firstName=BatchUser2, lastName=PerfUser, credential={password=PerfTest123!, roleBasedAuthority=ROLE_USER, username=batchuser24a9d0e32}, phone=+15554a9d0e3, imageUrl=https://example.com/perf.jpg, email=batchuser24a9d0e32@perftest.com}] as "application/json"
23:22:06.883 [main] DEBUG org.springframework.web.client.RestTemplate - Response 200 OK
23:22:06.883 [main] DEBUG org.springframework.web.client.RestTemplate - Reading to [java.util.Map<?, ?>]
23:22:06.884 [main] DEBUG org.springframework.web.client.RestTemplate - HTTP POST http://localhost:9090/user-service/api/users
23:22:06.884 [main] DEBUG org.springframework.web.client.RestTemplate - Accept=[application/json, application/*+json]
23:22:06.884 [main] DEBUG org.springframework.web.client.RestTemplate - Writing [{firstName=BatchUser3, lastName=PerfUser, credential={password=PerfTest123!, roleBasedAuthority=ROLE_USER, username=batchuser3c4a44f6f}, phone=+1555c4a44f6, imageUrl=https://example.com/perf.jpg, email=batchuser3c4a44f6f@perftest.com}] as "application/json"
23:22:07.044 [main] DEBUG org.springframework.web.client.RestTemplate - Response 200 OK
23:22:07.044 [main] DEBUG org.springframework.web.client.RestTemplate - Reading to [java.util.Map<?, ?>]
23:22:07.044 [main] DEBUG org.springframework.web.client.RestTemplate - HTTP POST http://localhost:9090/user-service/api/users
23:22:07.044 [main] DEBUG org.springframework.web.client.RestTemplate - Accept=[application/json, application/*+json]
23:22:07.044 [main] DEBUG org.springframework.web.client.RestTemplate - Writing [{firstName=BatchUser4, lastName=PerfUser, credential={password=PerfTest123!, roleBasedAuthority=ROLE_USER, username=batchuser4a3aa606a}, phone=+1555a3aa606, imageUrl=https://example.com/perf.jpg, email=batchuser4a3aa606a@perftest.com}] as "application/json"
23:22:07.463 [main] DEBUG org.springframework.web.client.RestTemplate - Response 200 OK
23:22:07.464 [main] DEBUG org.springframework.web.client.RestTemplate - Reading to [java.util.Map<?, ?>]
23:22:07.466 [main] DEBUG org.springframework.web.client.RestTemplate - HTTP POST http://localhost:9090/user-service/api/users
23:22:07.466 [main] DEBUG org.springframework.web.client.RestTemplate - Accept=[application/json, application/*+json]
23:22:07.466 [main] DEBUG org.springframework.web.client.RestTemplate - Writing [{firstName=BatchUser5, lastName=PerfUser, credential={password=PerfTest123!, roleBasedAuthority=ROLE_USER, username=batchuser597e0a05c}, phone=+155597e0a05, imageUrl=https://example.com/perf.jpg, email=batchuser597e0a05c@perftest.com}] as "application/json"
23:22:07.873 [main] DEBUG org.springframework.web.client.RestTemplate - Response 200 OK
23:22:07.873 [main] DEBUG org.springframework.web.client.RestTemplate - Reading to [java.util.Map<?, ?>]
23:22:07.879 [main] DEBUG org.springframework.web.client.RestTemplate - HTTP POST http://localhost:9090/user-service/api/users
23:22:07.879 [main] DEBUG org.springframework.web.client.RestTemplate - Accept=[application/json, application/*+json]
23:22:07.879 [main] DEBUG org.springframework.web.client.RestTemplate - Writing [{firstName=BatchUser6, lastName=PerfUser, credential={password=PerfTest123!, roleBasedAuthority=ROLE_USER, username=batchuser6c1e990bd}, phone=+1555c1e990b, imageUrl=https://example.com/perf.jpg, email=batchuser6c1e990bd@perftest.com}] as "application/json"
23:22:08.308 [main] DEBUG org.springframework.web.client.RestTemplate - Response 200 OK
23:22:08.308 [main] DEBUG org.springframework.web.client.RestTemplate - Reading to [java.util.Map<?, ?>]
23:22:08.310 [main] DEBUG org.springframework.web.client.RestTemplate - HTTP POST http://localhost:9090/user-service/api/users
23:22:08.310 [main] DEBUG org.springframework.web.client.RestTemplate - Accept=[application/json, application/*+json]
23:22:08.310 [main] DEBUG org.springframework.web.client.RestTemplate - Writing [{firstName=BatchUser7, lastName=PerfUser, credential={password=PerfTest123!, roleBasedAuthority=ROLE_USER, username=batchuser720e1d57b}, phone=+155520e1d57, imageUrl=https://example.com/perf.jpg, email=batchuser720e1d57b@perftest.com}] as "application/json"
23:22:08.472 [main] DEBUG org.springframework.web.client.RestTemplate - Response 200 OK
23:22:08.472 [main] DEBUG org.springframework.web.client.RestTemplate - Reading to [java.util.Map<?, ?>]
23:22:08.473 [main] DEBUG org.springframework.web.client.RestTemplate - HTTP POST http://localhost:9090/user-service/api/users
23:22:08.473 [main] DEBUG org.springframework.web.client.RestTemplate - Accept=[application/json, application/*+json]
23:22:08.473 [main] DEBUG org.springframework.web.client.RestTemplate - Writing [{firstName=BatchUser8, lastName=PerfUser, credential={password=PerfTest123!, roleBasedAuthority=ROLE_USER, username=batchuser815da1a4d}, phone=+155515da1a4, imageUrl=https://example.com/perf.jpg, email=batchuser815da1a4d@perftest.com}] as "application/json"
23:22:08.627 [main] DEBUG org.springframework.web.client.RestTemplate - Response 200 OK
23:22:08.627 [main] DEBUG org.springframework.web.client.RestTemplate - Reading to [java.util.Map<?, ?>]
23:22:08.627 [main] DEBUG org.springframework.web.client.RestTemplate - HTTP POST http://localhost:9090/user-service/api/users
23:22:08.627 [main] DEBUG org.springframework.web.client.RestTemplate - Accept=[application/json, application/*+json]
23:22:08.627 [main] DEBUG org.springframework.web.client.RestTemplate - Writing [{firstName=BatchUser9, lastName=PerfUser, credential={password=PerfTest123!, roleBasedAuthority=ROLE_USER, username=batchuser9ab56ddd3}, phone=+1555ab56ddd, imageUrl=https://example.com/perf.jpg, email=batchuser9ab56ddd3@perftest.com}] as "application/json"
23:22:08.780 [main] DEBUG org.springframework.web.client.RestTemplate - Response 200 OK
23:22:08.781 [main] DEBUG org.springframework.web.client.RestTemplate - Reading to [java.util.Map<?, ?>]
23:22:08.781 [main] DEBUG org.springframework.web.client.RestTemplate - HTTP POST http://localhost:9090/user-service/api/users
23:22:08.781 [main] DEBUG org.springframework.web.client.RestTemplate - Accept=[application/json, application/*+json]
23:22:08.781 [main] DEBUG org.springframework.web.client.RestTemplate - Writing [{firstName=BatchUser10, lastName=PerfUser, credential={password=PerfTest123!, roleBasedAuthority=ROLE_USER, username=batchuser100cc048d5}, phone=+15550cc048d, imageUrl=https://example.com/perf.jpg, email=batchuser100cc048d5@perftest.com}] as "application/json"
23:22:08.939 [main] DEBUG org.springframework.web.client.RestTemplate - Response 200 OK
23:22:08.939 [main] DEBUG org.springframework.web.client.RestTemplate - Reading to [java.util.Map<?, ?>]
23:22:08.942 [main] DEBUG org.springframework.web.client.RestTemplate - HTTP POST http://localhost:9090/user-service/api/users
23:22:08.942 [main] DEBUG org.springframework.web.client.RestTemplate - Accept=[application/json, application/*+json]
23:22:08.942 [main] DEBUG org.springframework.web.client.RestTemplate - Writing [{firstName=BatchUser11, lastName=PerfUser, credential={password=PerfTest123!, roleBasedAuthority=ROLE_USER, username=batchuser1191c0bb99}, phone=+155591c0bb9, imageUrl=https://example.com/perf.jpg, email=batchuser1191c0bb99@perftest.com}] as "application/json"
23:22:09.096 [main] DEBUG org.springframework.web.client.RestTemplate - Response 200 OK
23:22:09.096 [main] DEBUG org.springframework.web.client.RestTemplate - Reading to [java.util.Map<?, ?>]
23:22:09.098 [main] DEBUG org.springframework.web.client.RestTemplate - HTTP POST http://localhost:9090/user-service/api/users
23:22:09.098 [main] DEBUG org.springframework.web.client.RestTemplate - Accept=[application/json, application/*+json]
23:22:09.099 [main] DEBUG org.springframework.web.client.RestTemplate - Writing [{firstName=BatchUser12, lastName=PerfUser, credential={password=PerfTest123!, roleBasedAuthority=ROLE_USER, username=batchuser12d51d1e59}, phone=+1555d51d1e5, imageUrl=https://example.com/perf.jpg, email=batchuser12d51d1e59@perftest.com}] as "application/json"
23:22:09.262 [main] DEBUG org.springframework.web.client.RestTemplate - Response 200 OK
23:22:09.262 [main] DEBUG org.springframework.web.client.RestTemplate - Reading to [java.util.Map<?, ?>]
23:22:09.264 [main] DEBUG org.springframework.web.client.RestTemplate - HTTP POST http://localhost:9090/user-service/api/users
23:22:09.266 [main] DEBUG org.springframework.web.client.RestTemplate - Accept=[application/json, application/*+json]
23:22:09.266 [main] DEBUG org.springframework.web.client.RestTemplate - Writing [{firstName=BatchUser13, lastName=PerfUser, credential={password=PerfTest123!, roleBasedAuthority=ROLE_USER, username=batchuser1337d82030}, phone=+155537d8203, imageUrl=https://example.com/perf.jpg, email=batchuser1337d82030@perftest.com}] as "application/json"
23:22:09.421 [main] DEBUG org.springframework.web.client.RestTemplate - Response 200 OK
23:22:09.421 [main] DEBUG org.springframework.web.client.RestTemplate - Reading to [java.util.Map<?, ?>]
23:22:09.421 [main] DEBUG org.springframework.web.client.RestTemplate - HTTP POST http://localhost:9090/user-service/api/users
23:22:09.421 [main] DEBUG org.springframework.web.client.RestTemplate - Accept=[application/json, application/*+json]
23:22:09.421 [main] DEBUG org.springframework.web.client.RestTemplate - Writing [{firstName=BatchUser14, lastName=PerfUser, credential={password=PerfTest123!, roleBasedAuthority=ROLE_USER, username=batchuser147b0d433f}, phone=+15557b0d433, imageUrl=https://example.com/perf.jpg, email=batchuser147b0d433f@perftest.com}] as "application/json"
23:22:09.567 [main] DEBUG org.springframework.web.client.RestTemplate - Response 200 OK
23:22:09.567 [main] DEBUG org.springframework.web.client.RestTemplate - Reading to [java.util.Map<?, ?>]
23:22:09.569 [main] DEBUG org.springframework.web.client.RestTemplate - HTTP POST http://localhost:9090/user-service/api/users
23:22:09.569 [main] DEBUG org.springframework.web.client.RestTemplate - Accept=[application/json, application/*+json]
23:22:09.569 [main] DEBUG org.springframework.web.client.RestTemplate - Writing [{firstName=BatchUser15, lastName=PerfUser, credential={password=PerfTest123!, roleBasedAuthority=ROLE_USER, username=batchuser156020e40f}, phone=+15556020e40, imageUrl=https://example.com/perf.jpg, email=batchuser156020e40f@perftest.com}] as "application/json"
23:22:09.731 [main] DEBUG org.springframework.web.client.RestTemplate - Response 200 OK
23:22:09.732 [main] DEBUG org.springframework.web.client.RestTemplate - Reading to [java.util.Map<?, ?>]
23:22:09.732 [main] DEBUG org.springframework.web.client.RestTemplate - HTTP POST http://localhost:9090/user-service/api/users
23:22:09.732 [main] DEBUG org.springframework.web.client.RestTemplate - Accept=[application/json, application/*+json]
23:22:09.732 [main] DEBUG org.springframework.web.client.RestTemplate - Writing [{firstName=BatchUser16, lastName=PerfUser, credential={password=PerfTest123!, roleBasedAuthority=ROLE_USER, username=batchuser16f91eeb8b}, phone=+1555f91eeb8, imageUrl=https://example.com/perf.jpg, email=batchuser16f91eeb8b@perftest.com}] as "application/json"
23:22:09.902 [main] DEBUG org.springframework.web.client.RestTemplate - Response 200 OK
23:22:09.902 [main] DEBUG org.springframework.web.client.RestTemplate - Reading to [java.util.Map<?, ?>]
23:22:09.903 [main] DEBUG org.springframework.web.client.RestTemplate - HTTP POST http://localhost:9090/user-service/api/users
23:22:09.903 [main] DEBUG org.springframework.web.client.RestTemplate - Accept=[application/json, application/*+json]
23:22:09.903 [main] DEBUG org.springframework.web.client.RestTemplate - Writing [{firstName=BatchUser17, lastName=PerfUser, credential={password=PerfTest123!, roleBasedAuthority=ROLE_USER, username=batchuser175ebc9295}, phone=+15555ebc929, imageUrl=https://example.com/perf.jpg, email=batchuser175ebc9295@perftest.com}] as "application/json"
23:22:10.332 [main] DEBUG org.springframework.web.client.RestTemplate - Response 200 OK
23:22:10.332 [main] DEBUG org.springframework.web.client.RestTemplate - Reading to [java.util.Map<?, ?>]
23:22:10.333 [main] DEBUG org.springframework.web.client.RestTemplate - HTTP POST http://localhost:9090/user-service/api/users
23:22:10.334 [main] DEBUG org.springframework.web.client.RestTemplate - Accept=[application/json, application/*+json]
23:22:10.334 [main] DEBUG org.springframework.web.client.RestTemplate - Writing [{firstName=BatchUser18, lastName=PerfUser, credential={password=PerfTest123!, roleBasedAuthority=ROLE_USER, username=batchuser18a98a49af}, phone=+1555a98a49a, imageUrl=https://example.com/perf.jpg, email=batchuser18a98a49af@perftest.com}] as "application/json"
23:22:10.523 [main] DEBUG org.springframework.web.client.RestTemplate - Response 200 OK
23:22:10.523 [main] DEBUG org.springframework.web.client.RestTemplate - Reading to [java.util.Map<?, ?>]
23:22:10.525 [main] DEBUG org.springframework.web.client.RestTemplate - HTTP POST http://localhost:9090/user-service/api/users
23:22:10.525 [main] DEBUG org.springframework.web.client.RestTemplate - Accept=[application/json, application/*+json]
23:22:10.525 [main] DEBUG org.springframework.web.client.RestTemplate - Writing [{firstName=BatchUser19, lastName=PerfUser, credential={password=PerfTest123!, roleBasedAuthority=ROLE_USER, username=batchuser19972456b3}, phone=+1555972456b, imageUrl=https://example.com/perf.jpg, email=batchuser19972456b3@perftest.com}] as "application/json"
23:22:10.917 [main] DEBUG org.springframework.web.client.RestTemplate - Response 200 OK
23:22:10.917 [main] DEBUG org.springframework.web.client.RestTemplate - Reading to [java.util.Map<?, ?>]
23:22:10.919 [main] DEBUG org.springframework.web.client.RestTemplate - HTTP POST http://localhost:9090/user-service/api/users
23:22:10.920 [main] DEBUG org.springframework.web.client.RestTemplate - Accept=[application/json, application/*+json]
23:22:10.920 [main] DEBUG org.springframework.web.client.RestTemplate - Writing [{firstName=BatchUser20, lastName=PerfUser, credential={password=PerfTest123!, roleBasedAuthority=ROLE_USER, username=batchuser20bba08b64}, phone=+1555bba08b6, imageUrl=https://example.com/perf.jpg, email=batchuser20bba08b64@perftest.com}] as "application/json"
23:22:11.089 [main] DEBUG org.springframework.web.client.RestTemplate - Response 200 OK
23:22:11.090 [main] DEBUG org.springframework.web.client.RestTemplate - Reading to [java.util.Map<?, ?>]
23:22:11.093 [main] DEBUG org.springframework.web.client.RestTemplate - HTTP POST http://localhost:9090/user-service/api/users
23:22:11.094 [main] DEBUG org.springframework.web.client.RestTemplate - Accept=[application/json, application/*+json]
23:22:11.095 [main] DEBUG org.springframework.web.client.RestTemplate - Writing [{firstName=BatchUser21, lastName=PerfUser, credential={password=PerfTest123!, roleBasedAuthority=ROLE_USER, username=batchuser21b085c890}, phone=+1555b085c89, imageUrl=https://example.com/perf.jpg, email=batchuser21b085c890@perftest.com}] as "application/json"
23:22:11.256 [main] DEBUG org.springframework.web.client.RestTemplate - Response 200 OK
23:22:11.260 [main] DEBUG org.springframework.web.client.RestTemplate - Reading to [java.util.Map<?, ?>]
23:22:11.261 [main] DEBUG org.springframework.web.client.RestTemplate - HTTP POST http://localhost:9090/user-service/api/users
23:22:11.261 [main] DEBUG org.springframework.web.client.RestTemplate - Accept=[application/json, application/*+json]
23:22:11.261 [main] DEBUG org.springframework.web.client.RestTemplate - Writing [{firstName=BatchUser22, lastName=PerfUser, credential={password=PerfTest123!, roleBasedAuthority=ROLE_USER, username=batchuser2238990f27}, phone=+155538990f2, imageUrl=https://example.com/perf.jpg, email=batchuser2238990f27@perftest.com}] as "application/json"
23:22:11.425 [main] DEBUG org.springframework.web.client.RestTemplate - Response 200 OK
23:22:11.425 [main] DEBUG org.springframework.web.client.RestTemplate - Reading to [java.util.Map<?, ?>]
23:22:11.426 [main] DEBUG org.springframework.web.client.RestTemplate - HTTP POST http://localhost:9090/user-service/api/users
23:22:11.426 [main] DEBUG org.springframework.web.client.RestTemplate - Accept=[application/json, application/*+json]
23:22:11.426 [main] DEBUG org.springframework.web.client.RestTemplate - Writing [{firstName=BatchUser23, lastName=PerfUser, credential={password=PerfTest123!, roleBasedAuthority=ROLE_USER, username=batchuser23b2e44438}, phone=+1555b2e4443, imageUrl=https://example.com/perf.jpg, email=batchuser23b2e44438@perftest.com}] as "application/json"
23:22:11.826 [main] DEBUG org.springframework.web.client.RestTemplate - Response 200 OK
23:22:11.827 [main] DEBUG org.springframework.web.client.RestTemplate - Reading to [java.util.Map<?, ?>]
23:22:11.828 [main] DEBUG org.springframework.web.client.RestTemplate - HTTP POST http://localhost:9090/user-service/api/users
23:22:11.828 [main] DEBUG org.springframework.web.client.RestTemplate - Accept=[application/json, application/*+json]
23:22:11.828 [main] DEBUG org.springframework.web.client.RestTemplate - Writing [{firstName=BatchUser24, lastName=PerfUser, credential={password=PerfTest123!, roleBasedAuthority=ROLE_USER, username=batchuser24f9bcee8b}, phone=+1555f9bcee8, imageUrl=https://example.com/perf.jpg, email=batchuser24f9bcee8b@perftest.com}] as "application/json"
23:22:12.237 [main] DEBUG org.springframework.web.client.RestTemplate - Response 200 OK
23:22:12.239 [main] DEBUG org.springframework.web.client.RestTemplate - Reading to [java.util.Map<?, ?>]
23:22:12.242 [main] DEBUG org.springframework.web.client.RestTemplate - HTTP POST http://localhost:9090/user-service/api/users
23:22:12.242 [main] DEBUG org.springframework.web.client.RestTemplate - Accept=[application/json, application/*+json]
23:22:12.244 [main] DEBUG org.springframework.web.client.RestTemplate - Writing [{firstName=BatchUser25, lastName=PerfUser, credential={password=PerfTest123!, roleBasedAuthority=ROLE_USER, username=batchuser25a89ad350}, phone=+1555a89ad35, imageUrl=https://example.com/perf.jpg, email=batchuser25a89ad350@perftest.com}] as "application/json"
23:22:12.415 [main] DEBUG org.springframework.web.client.RestTemplate - Response 200 OK
23:22:12.415 [main] DEBUG org.springframework.web.client.RestTemplate - Reading to [java.util.Map<?, ?>]
23:22:12.415 [main] DEBUG org.springframework.web.client.RestTemplate - HTTP POST http://localhost:9090/user-service/api/users
23:22:12.415 [main] DEBUG org.springframework.web.client.RestTemplate - Accept=[application/json, application/*+json]
23:22:12.415 [main] DEBUG org.springframework.web.client.RestTemplate - Writing [{firstName=BatchUser26, lastName=PerfUser, credential={password=PerfTest123!, roleBasedAuthority=ROLE_USER, username=batchuser2611f3761f}, phone=+155511f3761, imageUrl=https://example.com/perf.jpg, email=batchuser2611f3761f@perftest.com}] as "application/json"
23:22:12.585 [main] DEBUG org.springframework.web.client.RestTemplate - Response 200 OK
23:22:12.586 [main] DEBUG org.springframework.web.client.RestTemplate - Reading to [java.util.Map<?, ?>]
23:22:12.587 [main] DEBUG org.springframework.web.client.RestTemplate - HTTP POST http://localhost:9090/user-service/api/users
23:22:12.587 [main] DEBUG org.springframework.web.client.RestTemplate - Accept=[application/json, application/*+json]
23:22:12.587 [main] DEBUG org.springframework.web.client.RestTemplate - Writing [{firstName=BatchUser27, lastName=PerfUser, credential={password=PerfTest123!, roleBasedAuthority=ROLE_USER, username=batchuser27f3b23768}, phone=+1555f3b2376, imageUrl=https://example.com/perf.jpg, email=batchuser27f3b23768@perftest.com}] as "application/json"
23:22:12.762 [main] DEBUG org.springframework.web.client.RestTemplate - Response 200 OK
23:22:12.762 [main] DEBUG org.springframework.web.client.RestTemplate - Reading to [java.util.Map<?, ?>]
23:22:12.763 [main] DEBUG org.springframework.web.client.RestTemplate - HTTP POST http://localhost:9090/user-service/api/users
23:22:12.763 [main] DEBUG org.springframework.web.client.RestTemplate - Accept=[application/json, application/*+json]
23:22:12.763 [main] DEBUG org.springframework.web.client.RestTemplate - Writing [{firstName=BatchUser28, lastName=PerfUser, credential={password=PerfTest123!, roleBasedAuthority=ROLE_USER, username=batchuser285eedd686}, phone=+15555eedd68, imageUrl=https://example.com/perf.jpg, email=batchuser285eedd686@perftest.com}] as "application/json"
23:22:12.914 [main] DEBUG org.springframework.web.client.RestTemplate - Response 200 OK
23:22:12.914 [main] DEBUG org.springframework.web.client.RestTemplate - Reading to [java.util.Map<?, ?>]
23:22:12.914 [main] DEBUG org.springframework.web.client.RestTemplate - HTTP POST http://localhost:9090/user-service/api/users
23:22:12.914 [main] DEBUG org.springframework.web.client.RestTemplate - Accept=[application/json, application/*+json]
23:22:12.914 [main] DEBUG org.springframework.web.client.RestTemplate - Writing [{firstName=BatchUser29, lastName=PerfUser, credential={password=PerfTest123!, roleBasedAuthority=ROLE_USER, username=batchuser29bd0b3a5b}, phone=+1555bd0b3a5, imageUrl=https://example.com/perf.jpg, email=batchuser29bd0b3a5b@perftest.com}] as "application/json"
23:22:13.064 [main] DEBUG org.springframework.web.client.RestTemplate - Response 200 OK
23:22:13.064 [main] DEBUG org.springframework.web.client.RestTemplate - Reading to [java.util.Map<?, ?>]
23:22:13.066 [main] DEBUG org.springframework.web.client.RestTemplate - HTTP POST http://localhost:9090/user-service/api/users
23:22:13.066 [main] DEBUG org.springframework.web.client.RestTemplate - Accept=[application/json, application/*+json]
23:22:13.066 [main] DEBUG org.springframework.web.client.RestTemplate - Writing [{firstName=BatchUser30, lastName=PerfUser, credential={password=PerfTest123!, roleBasedAuthority=ROLE_USER, username=batchuser304b2fcb52}, phone=+15554b2fcb5, imageUrl=https://example.com/perf.jpg, email=batchuser304b2fcb52@perftest.com}] as "application/json"
23:22:13.218 [main] DEBUG org.springframework.web.client.RestTemplate - Response 200 OK
23:22:13.218 [main] DEBUG org.springframework.web.client.RestTemplate - Reading to [java.util.Map<?, ?>]
23:22:13.221 [main] DEBUG org.springframework.web.client.RestTemplate - HTTP POST http://localhost:9090/user-service/api/users
23:22:13.221 [main] DEBUG org.springframework.web.client.RestTemplate - Accept=[application/json, application/*+json]
23:22:13.221 [main] DEBUG org.springframework.web.client.RestTemplate - Writing [{firstName=BatchUser31, lastName=PerfUser, credential={password=PerfTest123!, roleBasedAuthority=ROLE_USER, username=batchuser31378fa825}, phone=+1555378fa82, imageUrl=https://example.com/perf.jpg, email=batchuser31378fa825@perftest.com}] as "application/json"
23:22:13.372 [main] DEBUG org.springframework.web.client.RestTemplate - Response 200 OK
23:22:13.372 [main] DEBUG org.springframework.web.client.RestTemplate - Reading to [java.util.Map<?, ?>]
23:22:13.373 [main] DEBUG org.springframework.web.client.RestTemplate - HTTP POST http://localhost:9090/user-service/api/users
23:22:13.373 [main] DEBUG org.springframework.web.client.RestTemplate - Accept=[application/json, application/*+json]
23:22:13.373 [main] DEBUG org.springframework.web.client.RestTemplate - Writing [{firstName=BatchUser32, lastName=PerfUser, credential={password=PerfTest123!, roleBasedAuthority=ROLE_USER, username=batchuser325b1ccf86}, phone=+15555b1ccf8, imageUrl=https://example.com/perf.jpg, email=batchuser325b1ccf86@perftest.com}] as "application/json"
23:22:13.529 [main] DEBUG org.springframework.web.client.RestTemplate - Response 200 OK
23:22:13.529 [main] DEBUG org.springframework.web.client.RestTemplate - Reading to [java.util.Map<?, ?>]
23:22:13.532 [main] DEBUG org.springframework.web.client.RestTemplate - HTTP POST http://localhost:9090/user-service/api/users
23:22:13.532 [main] DEBUG org.springframework.web.client.RestTemplate - Accept=[application/json, application/*+json]
23:22:13.532 [main] DEBUG org.springframework.web.client.RestTemplate - Writing [{firstName=BatchUser33, lastName=PerfUser, credential={password=PerfTest123!, roleBasedAuthority=ROLE_USER, username=batchuser33d96aa1fa}, phone=+1555d96aa1f, imageUrl=https://example.com/perf.jpg, email=batchuser33d96aa1fa@perftest.com}] as "application/json"
23:22:13.691 [main] DEBUG org.springframework.web.client.RestTemplate - Response 200 OK
23:22:13.691 [main] DEBUG org.springframework.web.client.RestTemplate - Reading to [java.util.Map<?, ?>]
23:22:13.692 [main] DEBUG org.springframework.web.client.RestTemplate - HTTP POST http://localhost:9090/user-service/api/users
23:22:13.692 [main] DEBUG org.springframework.web.client.RestTemplate - Accept=[application/json, application/*+json]
23:22:13.692 [main] DEBUG org.springframework.web.client.RestTemplate - Writing [{firstName=BatchUser34, lastName=PerfUser, credential={password=PerfTest123!, roleBasedAuthority=ROLE_USER, username=batchuser34898d6c2b}, phone=+1555898d6c2, imageUrl=https://example.com/perf.jpg, email=batchuser34898d6c2b@perftest.com}] as "application/json"
23:22:14.096 [main] DEBUG org.springframework.web.client.RestTemplate - Response 200 OK
23:22:14.096 [main] DEBUG org.springframework.web.client.RestTemplate - Reading to [java.util.Map<?, ?>]
23:22:14.098 [main] DEBUG org.springframework.web.client.RestTemplate - HTTP POST http://localhost:9090/user-service/api/users
[...]
23:23:04.791 [main] DEBUG org.springframework.web.client.RestTemplate - Response 200 OK
23:23:04.791 [main] DEBUG org.springframework.web.client.RestTemplate - Reading to [java.util.Map<?, ?>]
23:23:04.794 [main] DEBUG org.springframework.web.client.RestTemplate - HTTP POST http://localhost:9090/user-service/api/users
23:23:04.794 [main] DEBUG org.springframework.web.client.RestTemplate - Accept=[application/json, application/*+json]
23:23:04.794 [main] DEBUG org.springframework.web.client.RestTemplate - Writing [{firstName=BenchUser7, lastName=PerfUser, credential={password=PerfTest123!, roleBasedAuthority=ROLE_USER, username=benchuser751d9a724}, phone=+155551d9a72, imageUrl=https://example.com/perf.jpg, email=benchuser751d9a724@perftest.com}] as "application/json"
23:23:04.949 [main] DEBUG org.springframework.web.client.RestTemplate - Response 200 OK
23:23:04.949 [main] DEBUG org.springframework.web.client.RestTemplate - Reading to [java.util.Map<?, ?>]
23:23:04.949 [main] DEBUG org.springframework.web.client.RestTemplate - HTTP GET http://localhost:9090/user-service/api/users/550
23:23:04.949 [main] DEBUG org.springframework.web.client.RestTemplate - Accept=[application/json, application/*+json]
23:23:05.099 [main] DEBUG org.springframework.web.client.RestTemplate - Response 200 OK
23:23:05.099 [main] DEBUG org.springframework.web.client.RestTemplate - Reading to [java.util.Map<?, ?>]
23:23:05.100 [main] DEBUG org.springframework.web.client.RestTemplate - HTTP POST http://localhost:9090/user-service/api/users
23:23:05.100 [main] DEBUG org.springframework.web.client.RestTemplate - Accept=[application/json, application/*+json]
23:23:05.100 [main] DEBUG org.springframework.web.client.RestTemplate - Writing [{firstName=BenchUser8, lastName=PerfUser, credential={password=PerfTest123!, roleBasedAuthority=ROLE_USER, username=benchuser83e70e4db}, phone=+15553e70e4d, imageUrl=https://example.com/perf.jpg, email=benchuser83e70e4db@perftest.com}] as "application/json"
23:23:05.257 [main] DEBUG org.springframework.web.client.RestTemplate - Response 200 OK
23:23:05.257 [main] DEBUG org.springframework.web.client.RestTemplate - Reading to [java.util.Map<?, ?>]
23:23:05.257 [main] DEBUG org.springframework.web.client.RestTemplate - HTTP GET http://localhost:9090/user-service/api/users/551
23:23:05.257 [main] DEBUG org.springframework.web.client.RestTemplate - Accept=[application/json, application/*+json]
23:23:05.392 [main] DEBUG org.springframework.web.client.RestTemplate - Response 200 OK
23:23:05.392 [main] DEBUG org.springframework.web.client.RestTemplate - Reading to [java.util.Map<?, ?>]
23:23:05.393 [main] DEBUG org.springframework.web.client.RestTemplate - HTTP POST http://localhost:9090/user-service/api/users
23:23:05.393 [main] DEBUG org.springframework.web.client.RestTemplate - Accept=[application/json, application/*+json]
23:23:05.393 [main] DEBUG org.springframework.web.client.RestTemplate - Writing [{firstName=BenchUser9, lastName=PerfUser, credential={password=PerfTest123!, roleBasedAuthority=ROLE_USER, username=benchuser9bb05ed66}, phone=+1555bb05ed6, imageUrl=https://example.com/perf.jpg, email=benchuser9bb05ed66@perftest.com}] as "application/json"
23:23:05.566 [main] DEBUG org.springframework.web.client.RestTemplate - Response 200 OK
23:23:05.566 [main] DEBUG org.springframework.web.client.RestTemplate - Reading to [java.util.Map<?, ?>]
23:23:05.568 [main] DEBUG org.springframework.web.client.RestTemplate - HTTP GET http://localhost:9090/user-service/api/users/552
23:23:05.568 [main] DEBUG org.springframework.web.client.RestTemplate - Accept=[application/json, application/*+json]
23:23:05.728 [main] DEBUG org.springframework.web.client.RestTemplate - Response 200 OK
23:23:05.729 [main] DEBUG org.springframework.web.client.RestTemplate - Reading to [java.util.Map<?, ?>]
23:23:05.729 [main] DEBUG org.springframework.web.client.RestTemplate - HTTP GET http://localhost:9090/product-service/api/products
23:23:05.729 [main] DEBUG org.springframework.web.client.RestTemplate - Accept=[application/json, application/*+json]
23:23:05.889 [main] DEBUG org.springframework.web.client.RestTemplate - Response 200 OK
23:23:05.889 [main] DEBUG org.springframework.web.client.RestTemplate - Reading to [java.util.List<?>]
23:23:05.890 [main] DEBUG org.springframework.web.client.RestTemplate - HTTP GET http://localhost:9090/product-service/api/products
23:23:05.890 [main] DEBUG org.springframework.web.client.RestTemplate - Accept=[application/json, application/*+json]
23:23:06.041 [main] DEBUG org.springframework.web.client.RestTemplate - Response 200 OK
23:23:06.041 [main] DEBUG org.springframework.web.client.RestTemplate - Reading to [java.util.List<?>]
23:23:06.041 [main] DEBUG org.springframework.web.client.RestTemplate - HTTP GET http://localhost:9090/product-service/api/products
23:23:06.041 [main] DEBUG org.springframework.web.client.RestTemplate - Accept=[application/json, application/*+json]
23:23:06.191 [main] DEBUG org.springframework.web.client.RestTemplate - Response 200 OK
23:23:06.192 [main] DEBUG org.springframework.web.client.RestTemplate - Reading to [java.util.List<?>]
23:23:06.193 [main] DEBUG org.springframework.web.client.RestTemplate - HTTP GET http://localhost:9090/product-service/api/products
23:23:06.193 [main] DEBUG org.springframework.web.client.RestTemplate - Accept=[application/json, application/*+json]
23:23:06.591 [main] DEBUG org.springframework.web.client.RestTemplate - Response 200 OK
23:23:06.591 [main] DEBUG org.springframework.web.client.RestTemplate - Reading to [java.util.List<?>]
23:23:06.591 [main] DEBUG org.springframework.web.client.RestTemplate - HTTP GET http://localhost:9090/product-service/api/products
23:23:06.591 [main] DEBUG org.springframework.web.client.RestTemplate - Accept=[application/json, application/*+json]
23:23:06.744 [main] DEBUG org.springframework.web.client.RestTemplate - Response 200 OK
23:23:06.745 [main] DEBUG org.springframework.web.client.RestTemplate - Reading to [java.util.List<?>]
23:23:06.746 [main] DEBUG org.springframework.web.client.RestTemplate - HTTP GET http://localhost:9090/product-service/api/products
23:23:06.746 [main] DEBUG org.springframework.web.client.RestTemplate - Accept=[application/json, application/*+json]
23:23:06.904 [main] DEBUG org.springframework.web.client.RestTemplate - Response 200 OK
23:23:06.905 [main] DEBUG org.springframework.web.client.RestTemplate - Reading to [java.util.List<?>]
23:23:06.906 [main] DEBUG org.springframework.web.client.RestTemplate - HTTP GET http://localhost:9090/product-service/api/products
23:23:06.906 [main] DEBUG org.springframework.web.client.RestTemplate - Accept=[application/json, application/*+json]
23:23:07.064 [main] DEBUG org.springframework.web.client.RestTemplate - Response 200 OK
23:23:07.067 [main] DEBUG org.springframework.web.client.RestTemplate - Reading to [java.util.List<?>]
23:23:07.068 [main] DEBUG org.springframework.web.client.RestTemplate - HTTP GET http://localhost:9090/product-service/api/products
23:23:07.068 [main] DEBUG org.springframework.web.client.RestTemplate - Accept=[application/json, application/*+json]
23:23:07.218 [main] DEBUG org.springframework.web.client.RestTemplate - Response 200 OK
23:23:07.219 [main] DEBUG org.springframework.web.client.RestTemplate - Reading to [java.util.List<?>]
23:23:07.219 [main] DEBUG org.springframework.web.client.RestTemplate - HTTP GET http://localhost:9090/product-service/api/products
23:23:07.219 [main] DEBUG org.springframework.web.client.RestTemplate - Accept=[application/json, application/*+json]
23:23:07.621 [main] DEBUG org.springframework.web.client.RestTemplate - Response 200 OK
23:23:07.623 [main] DEBUG org.springframework.web.client.RestTemplate - Reading to [java.util.List<?>]
23:23:07.623 [main] DEBUG org.springframework.web.client.RestTemplate - HTTP GET http://localhost:9090/product-service/api/products
23:23:07.623 [main] DEBUG org.springframework.web.client.RestTemplate - Accept=[application/json, application/*+json]
23:23:07.800 [main] DEBUG org.springframework.web.client.RestTemplate - Response 200 OK
23:23:07.805 [main] DEBUG org.springframework.web.client.RestTemplate - Reading to [java.util.List<?>]
23:23:07.806 [main] DEBUG org.springframework.web.client.RestTemplate - HTTP GET http://localhost:9090/product-service/api/products
23:23:07.806 [main] DEBUG org.springframework.web.client.RestTemplate - Accept=[application/json, application/*+json]
23:23:08.043 [main] DEBUG org.springframework.web.client.RestTemplate - Response 200 OK
23:23:08.044 [main] DEBUG org.springframework.web.client.RestTemplate - Reading to [java.util.List<?>]
23:23:08.045 [main] DEBUG org.springframework.web.client.RestTemplate - HTTP GET http://localhost:9090/product-service/api/products
23:23:08.045 [main] DEBUG org.springframework.web.client.RestTemplate - Accept=[application/json, application/*+json]
23:23:08.203 [main] DEBUG org.springframework.web.client.RestTemplate - Response 200 OK
23:23:08.203 [main] DEBUG org.springframework.web.client.RestTemplate - Reading to [java.util.List<?>]
23:23:08.205 [main] DEBUG org.springframework.web.client.RestTemplate - HTTP GET http://localhost:9090/product-service/api/products
23:23:08.205 [main] DEBUG org.springframework.web.client.RestTemplate - Accept=[application/json, application/*+json]
23:23:08.623 [main] DEBUG org.springframework.web.client.RestTemplate - Response 200 OK
23:23:08.624 [main] DEBUG org.springframework.web.client.RestTemplate - Reading to [java.util.List<?>]
23:23:08.626 [main] DEBUG org.springframework.web.client.RestTemplate - HTTP GET http://localhost:9090/product-service/api/products
23:23:08.627 [main] DEBUG org.springframework.web.client.RestTemplate - Accept=[application/json, application/*+json]
23:23:09.046 [main] DEBUG org.springframework.web.client.RestTemplate - Response 200 OK
23:23:09.046 [main] DEBUG org.springframework.web.client.RestTemplate - Reading to [java.util.List<?>]
23:23:09.048 [main] DEBUG org.springframework.web.client.RestTemplate - HTTP GET http://localhost:9090/product-service/api/products
23:23:09.048 [main] DEBUG org.springframework.web.client.RestTemplate - Accept=[application/json, application/*+json]
23:23:09.458 [main] DEBUG org.springframework.web.client.RestTemplate - Response 200 OK
23:23:09.458 [main] DEBUG org.springframework.web.client.RestTemplate - Reading to [java.util.List<?>]
23:23:09.460 [main] DEBUG org.springframework.web.client.RestTemplate - HTTP GET http://localhost:9090/product-service/api/products
23:23:09.461 [main] DEBUG org.springframework.web.client.RestTemplate - Accept=[application/json, application/*+json]
23:23:09.884 [main] DEBUG org.springframework.web.client.RestTemplate - Response 200 OK
23:23:09.886 [main] DEBUG org.springframework.web.client.RestTemplate - Reading to [java.util.List<?>]
23:23:09.888 [main] DEBUG org.springframework.web.client.RestTemplate - HTTP GET http://localhost:9090/product-service/api/products
23:23:09.888 [main] DEBUG org.springframework.web.client.RestTemplate - Accept=[application/json, application/*+json]
23:23:10.296 [main] DEBUG org.springframework.web.client.RestTemplate - Response 200 OK
23:23:10.296 [main] DEBUG org.springframework.web.client.RestTemplate - Reading to [java.util.List<?>]
23:23:10.297 [main] DEBUG org.springframework.web.client.RestTemplate - HTTP GET http://localhost:9090/product-service/api/products
23:23:10.297 [main] DEBUG org.springframework.web.client.RestTemplate - Accept=[application/json, application/*+json]
23:23:10.444 [main] DEBUG org.springframework.web.client.RestTemplate - Response 200 OK
23:23:10.449 [main] DEBUG org.springframework.web.client.RestTemplate - Reading to [java.util.List<?>]
23:23:10.451 [main] DEBUG org.springframework.web.client.RestTemplate - HTTP GET http://localhost:9090/product-service/api/products
23:23:10.451 [main] DEBUG org.springframework.web.client.RestTemplate - Accept=[application/json, application/*+json]
23:23:10.609 [main] DEBUG org.springframework.web.client.RestTemplate - Response 200 OK
23:23:10.610 [main] DEBUG org.springframework.web.client.RestTemplate - Reading to [java.util.List<?>]
23:23:10.611 [main] DEBUG org.springframework.web.client.RestTemplate - HTTP GET http://localhost:9090/product-service/api/products
23:23:10.612 [main] DEBUG org.springframework.web.client.RestTemplate - Accept=[application/json, application/*+json]
23:23:11.027 [main] DEBUG org.springframework.web.client.RestTemplate - Response 200 OK
23:23:11.028 [main] DEBUG org.springframework.web.client.RestTemplate - Reading to [java.util.List<?>]
23:23:11.031 [main] DEBUG org.springframework.web.client.RestTemplate - HTTP POST http://localhost:9090/user-service/api/users
23:23:11.032 [main] DEBUG org.springframework.web.client.RestTemplate - Accept=[application/json, application/*+json]
23:23:11.032 [main] DEBUG org.springframework.web.client.RestTemplate - Writing [{firstName=OrderBenchUser, lastName=PerfUser, credential={password=PerfTest123!, roleBasedAuthority=ROLE_USER, username=orderbenchuser956c1d21}, phone=+1555956c1d2, imageUrl=https://example.com/perf.jpg, email=orderbenchuser956c1d21@perftest.com}] as "application/json"
23:23:11.185 [main] DEBUG org.springframework.web.client.RestTemplate - Response 200 OK
23:23:11.185 [main] DEBUG org.springframework.web.client.RestTemplate - Reading to [java.util.Map<?, ?>]
23:23:11.185 [main] DEBUG org.springframework.web.client.RestTemplate - HTTP POST http://localhost:9090/order-service/api/carts
23:23:11.185 [main] DEBUG org.springframework.web.client.RestTemplate - Accept=[application/json, application/*+json]
23:23:11.185 [main] DEBUG org.springframework.web.client.RestTemplate - Writing [{userId=553}] as "application/json"
23:23:11.581 [main] DEBUG org.springframework.web.client.RestTemplate - Response 200 OK
23:23:11.581 [main] DEBUG org.springframework.web.client.RestTemplate - Reading to [java.util.Map<?, ?>]
23:23:11.586 [main] DEBUG org.springframework.web.client.RestTemplate - HTTP POST http://localhost:9090/order-service/api/orders
23:23:11.586 [main] DEBUG org.springframework.web.client.RestTemplate - Accept=[application/json, application/*+json]
23:23:11.586 [main] DEBUG org.springframework.web.client.RestTemplate - Writing [{cartId=180, orderFee=25.0, orderDate=30-11-2025__23:23:11:584317, orderDesc=Benchmark order 0}] as "application/json"
23:23:11.985 [main] DEBUG org.springframework.web.client.RestTemplate - Response 400 BAD_REQUEST
23:23:11.987 [main] DEBUG org.springframework.web.client.RestTemplate - Reading to [java.util.Map<?, ?>]
23:23:11.989 [main] DEBUG org.springframework.web.client.RestTemplate - HTTP POST http://localhost:9090/order-service/api/carts
23:23:11.989 [main] DEBUG org.springframework.web.client.RestTemplate - Accept=[application/json, application/*+json]
23:23:11.989 [main] DEBUG org.springframework.web.client.RestTemplate - Writing [{userId=553}] as "application/json"
23:23:12.144 [main] DEBUG org.springframework.web.client.RestTemplate - Response 200 OK
23:23:12.145 [main] DEBUG org.springframework.web.client.RestTemplate - Reading to [java.util.Map<?, ?>]
23:23:12.145 [main] DEBUG org.springframework.web.client.RestTemplate - HTTP POST http://localhost:9090/order-service/api/orders
23:23:12.145 [main] DEBUG org.springframework.web.client.RestTemplate - Accept=[application/json, application/*+json]
23:23:12.145 [main] DEBUG org.springframework.web.client.RestTemplate - Writing [{cartId=181, orderFee=25.0, orderDate=30-11-2025__23:23:12:145456, orderDesc=Benchmark order 1}] as "application/json"
23:23:12.297 [main] DEBUG org.springframework.web.client.RestTemplate - Response 400 BAD_REQUEST
23:23:12.297 [main] DEBUG org.springframework.web.client.RestTemplate - Reading to [java.util.Map<?, ?>]
23:23:12.298 [main] DEBUG org.springframework.web.client.RestTemplate - HTTP POST http://localhost:9090/order-service/api/carts
23:23:12.298 [main] DEBUG org.springframework.web.client.RestTemplate - Accept=[application/json, application/*+json]
23:23:12.301 [main] DEBUG org.springframework.web.client.RestTemplate - Writing [{userId=553}] as "application/json"
23:23:12.452 [main] DEBUG org.springframework.web.client.RestTemplate - Response 200 OK
23:23:12.452 [main] DEBUG org.springframework.web.client.RestTemplate - Reading to [java.util.Map<?, ?>]
23:23:12.453 [main] DEBUG org.springframework.web.client.RestTemplate - HTTP POST http://localhost:9090/order-service/api/orders
23:23:12.453 [main] DEBUG org.springframework.web.client.RestTemplate - Accept=[application/json, application/*+json]
23:23:12.453 [main] DEBUG org.springframework.web.client.RestTemplate - Writing [{cartId=182, orderFee=25.0, orderDate=30-11-2025__23:23:12:453018, orderDesc=Benchmark order 2}] as "application/json"
23:23:12.859 [main] DEBUG org.springframework.web.client.RestTemplate - Response 400 BAD_REQUEST
23:23:12.859 [main] DEBUG org.springframework.web.client.RestTemplate - Reading to [java.util.Map<?, ?>]
23:23:12.861 [main] DEBUG org.springframework.web.client.RestTemplate - HTTP POST http://localhost:9090/order-service/api/carts
23:23:12.861 [main] DEBUG org.springframework.web.client.RestTemplate - Accept=[application/json, application/*+json]
23:23:12.861 [main] DEBUG org.springframework.web.client.RestTemplate - Writing [{userId=553}] as "application/json"
23:23:13.011 [main] DEBUG org.springframework.web.client.RestTemplate - Response 200 OK
23:23:13.011 [main] DEBUG org.springframework.web.client.RestTemplate - Reading to [java.util.Map<?, ?>]
23:23:13.013 [main] DEBUG org.springframework.web.client.RestTemplate - HTTP POST http://localhost:9090/order-service/api/orders
23:23:13.013 [main] DEBUG org.springframework.web.client.RestTemplate - Accept=[application/json, application/*+json]
23:23:13.013 [main] DEBUG org.springframework.web.client.RestTemplate - Writing [{cartId=183, orderFee=25.0, orderDate=30-11-2025__23:23:13:011587, orderDesc=Benchmark order 3}] as "application/json"
23:23:13.165 [main] DEBUG org.springframework.web.client.RestTemplate - Response 400 BAD_REQUEST
23:23:13.165 [main] DEBUG org.springframework.web.client.RestTemplate - Reading to [java.util.Map<?, ?>]
23:23:13.165 [main] DEBUG org.springframework.web.client.RestTemplate - HTTP POST http://localhost:9090/order-service/api/carts
23:23:13.165 [main] DEBUG org.springframework.web.client.RestTemplate - Accept=[application/json, application/*+json]
23:23:13.165 [main] DEBUG org.springframework.web.client.RestTemplate - Writing [{userId=553}] as "application/json"
23:23:13.324 [main] DEBUG org.springframework.web.client.RestTemplate - Response 200 OK
23:23:13.325 [main] DEBUG org.springframework.web.client.RestTemplate - Reading to [java.util.Map<?, ?>]
23:23:13.326 [main] DEBUG org.springframework.web.client.RestTemplate - HTTP POST http://localhost:9090/order-service/api/orders
23:23:13.326 [main] DEBUG org.springframework.web.client.RestTemplate - Accept=[application/json, application/*+json]
23:23:13.326 [main] DEBUG org.springframework.web.client.RestTemplate - Writing [{cartId=184, orderFee=25.0, orderDate=30-11-2025__23:23:13:326127, orderDesc=Benchmark order 4}] as "application/json"
23:23:13.481 [main] DEBUG org.springframework.web.client.RestTemplate - Response 400 BAD_REQUEST
23:23:13.482 [main] DEBUG org.springframework.web.client.RestTemplate - Reading to [java.util.Map<?, ?>]

🏆 PERFORMANCE BENCHMARKS:
==========================
User CRUD:
  Operations: 10
  Total time: 4093ms
  Average time: 409.30ms
  Operations/sec: 2.44
  Success rate: 100.0%

Product Browsing:
  Operations: 20
  Total time: 5301ms
  Average time: 265.05ms
  Operations/sec: 3.77
  Success rate: 0.0%

Order Processing:
  Operations: 5
  Total time: 2452ms
  Average time: 490.40ms
  Operations/sec: 2.04
  Success rate: 0.0%

]]></system-out>
  </testcase>
</testsuite>