<?xml version="1.0" encoding="UTF-8"?>
<testsuite xmlns:xsi="http://www.w3.org/2001/XMLSchema-instance" xsi:noNamespaceSchemaLocation="https://maven.apache.org/surefire/maven-surefire-plugin/xsd/surefire-test-report-3.0.xsd" version="3.0" name="com.selimhorri.app.e2e.UserRegistrationFlowE2ETest" time="0.974" tests="3" errors="0" skipped="1" failures="0">
  <properties>
[...]
</properties>
  <testcase name="testCompleteUserRegistrationFlow" classname="com.selimhorri.app.e2e.UserRegistrationFlowE2ETest" time="0.625">
    <system-out><![CDATA[🚀 Starting Complete User Registration Flow Test
📝 Step 1: User Registration
23:59:08.370 [main] DEBUG org.springframework.web.client.RestTemplate - HTTP POST http://localhost:9090/user-service/api/users
23:59:08.370 [main] DEBUG org.springframework.web.client.RestTemplate - Accept=[text/plain, application/json, application/*+json, */*]
23:59:08.375 [main] DEBUG org.springframework.web.client.RestTemplate - Writing [{firstName=E2ETest4a60ce40, lastName=User, credential={password=E2ETest123!, isAccountNonExpired=true, isCredentialsNonExpired=true, isEnabled=true, isAccountNonLocked=true, roleBasedAuthority=ROLE_USER, username=e2etest4a60ce40}, phone=+15554a60ce4, imageUrl=https://example.com/e2e.jpg, email=e2etest4a60ce40@example.com}] as "application/json"
23:59:08.529 [main] DEBUG org.springframework.web.client.RestTemplate - Response 200 OK
23:59:08.529 [main] DEBUG org.springframework.web.client.RestTemplate - Reading to [java.lang.String] as "application/json"
✅ User registered successfully with ID: 610
🔍 Step 2: User Retrieval Verification
23:59:08.536 [main] DEBUG org.springframework.web.client.RestTemplate - HTTP GET http://localhost:9090/user-service/api/users/610
23:59:08.536 [main] DEBUG org.springframework.web.client.RestTemplate - Accept=[text/plain, application/json, application/*+json, */*]
23:59:08.673 [main] DEBUG org.springframework.web.client.RestTemplate - Response 200 OK
23:59:08.675 [main] DEBUG org.springframework.web.client.RestTemplate - Reading to [java.lang.String] as "application/json"
✅ User retrieval verified successfully
📝 Step 3: User Profile Update
23:59:08.675 [main] DEBUG org.springframework.web.client.RestTemplate - HTTP PUT http://localhost:9090/user-service/api/users
23:59:08.675 [main] DEBUG org.springframework.web.client.RestTemplate - Accept=[text/plain, application/json, application/*+json, */*]
23:59:08.675 [main] DEBUG org.springframework.web.client.RestTemplate - Writing [{firstName=Updated4a60ce40, lastName=UpdatedUser, credential={password=E2ETest123!, isAccountNonExpired=true, isCredentialsNonExpired=true, isEnabled=true, isAccountNonLocked=true, roleBasedAuthority=ROLE_USER, username=e2etest4a60ce40}, phone=+19994a60ce4, imageUrl=https://example.com/updated_avatar.jpg, userId=610, email=e2etest4a60ce40@example.com}] as "application/json"
23:59:08.843 [main] DEBUG org.springframework.web.client.RestTemplate - Response 200 OK
23:59:08.844 [main] DEBUG org.springframework.web.client.RestTemplate - Reading to [java.lang.String] as "application/json"
🔍 Step 4: Update Verification
23:59:08.847 [main] DEBUG org.springframework.web.client.RestTemplate - HTTP GET http://localhost:9090/user-service/api/users/610
23:59:08.848 [main] DEBUG org.springframework.web.client.RestTemplate - Accept=[text/plain, application/json, application/*+json, */*]
23:59:08.988 [main] DEBUG org.springframework.web.client.RestTemplate - Response 200 OK
23:59:08.988 [main] DEBUG org.springframework.web.client.RestTemplate - Reading to [java.lang.String] as "application/json"
✅ User profile update verified successfully
🎉 Complete User Registration Flow Test PASSED!
   User ID: 610
]]></system-out>
  </testcase>
  <testcase name="testDuplicateUserRegistrationPrevention" classname="com.selimhorri.app.e2e.UserRegistrationFlowE2ETest" time="0.347">
    <system-out><![CDATA[🛡️ Testing Duplicate Registration Prevention
23:59:09.004 [main] DEBUG org.springframework.web.client.RestTemplate - HTTP POST http://localhost:9090/user-service/api/users
23:59:09.004 [main] DEBUG org.springframework.web.client.RestTemplate - Accept=[text/plain, application/json, application/*+json, */*]
23:59:09.004 [main] DEBUG org.springframework.web.client.RestTemplate - Writing [{firstName=E2ETestaa8c039f, lastName=User, credential={password=E2ETest123!, isAccountNonExpired=true, isCredentialsNonExpired=true, isEnabled=true, isAccountNonLocked=true, roleBasedAuthority=ROLE_USER, username=e2etestaa8c039f}, phone=+1555aa8c039, imageUrl=https://example.com/e2e.jpg, email=e2etestaa8c039f@example.com}] as "application/json"
23:59:09.164 [main] DEBUG org.springframework.web.client.RestTemplate - Response 200 OK
23:59:09.164 [main] DEBUG org.springframework.web.client.RestTemplate - Reading to [java.lang.String] as "application/json"
✅ First registration successful
23:59:09.164 [main] DEBUG org.springframework.web.client.RestTemplate - HTTP POST http://localhost:9090/user-service/api/users
23:59:09.164 [main] DEBUG org.springframework.web.client.RestTemplate - Accept=[text/plain, application/json, application/*+json, */*]
23:59:09.164 [main] DEBUG org.springframework.web.client.RestTemplate - Writing [{firstName=E2ETestaa8c039f, lastName=User, credential={password=E2ETest123!, isAccountNonExpired=true, isCredentialsNonExpired=true, isEnabled=true, isAccountNonLocked=true, roleBasedAuthority=ROLE_USER, username=e2etestaa8c039f}, phone=+1555aa8c039, imageUrl=https://example.com/e2e.jpg, email=e2etestaa8c039f@example.com}] as "application/json"
23:59:09.329 [main] DEBUG org.springframework.web.client.RestTemplate - Response 409 CONFLICT
✅ Duplicate registration properly rejected: 409 CONFLICT
🎉 Duplicate Registration Prevention Test PASSED!
]]></system-out>
  </testcase>
  <testcase name="testUserDataValidation" classname="com.selimhorri.app.e2e.UserRegistrationFlowE2ETest" time="0">
    <skipped message="Server accepts incomplete user data - validation not implemented"/>
  </testcase>
</testsuite>