<?xml version="1.0" encoding="UTF-8"?>
<testsuite xmlns:xsi="http://www.w3.org/2001/XMLSchema-instance" xsi:noNamespaceSchemaLocation="https://maven.apache.org/surefire/maven-surefire-plugin/xsd/surefire-test-report-3.0.xsd" version="3.0" name="com.selimhorri.app.e2e.ECommerceShoppingFlowE2ETest" time="4.551" tests="3" errors="1" skipped="0" failures="0">
  <properties>
[...]
</properties>
  <testcase name="testOrderUpdateWorkflow" classname="com.selimhorri.app.e2e.ECommerceShoppingFlowE2ETest" time="2.116">
    <system-out><![CDATA[📝 Testing Order Update Workflow
23:50:18.714 [main] DEBUG org.springframework.web.client.RestTemplate - HTTP POST http://localhost:9090/user-service/api/users
23:50:18.725 [main] DEBUG org.springframework.web.client.RestTemplate - Accept=[text/plain, application/json, application/*+json, */*]
23:50:18.736 [main] DEBUG org.springframework.web.client.RestTemplate - Writing [{firstName=Shopper3ca8c5a6, lastName=Customer, credential={password=ShopSecure123!, isAccountNonExpired=true, isCredentialsNonExpired=true, isEnabled=true, isAccountNonLocked=true, roleBasedAuthority=ROLE_USER, username=shopper3ca8c5a6}, phone=+15553ca8c5a, imageUrl=https://example.com/shopper.jpg, email=shopper3ca8c5a6@example.com}] as "application/json"
23:50:19.208 [main] DEBUG org.springframework.web.client.RestTemplate - Response 200 OK
23:50:19.218 [main] DEBUG org.springframework.web.client.RestTemplate - Reading to [java.lang.String] as "application/json"
23:50:19.344 [main] DEBUG org.springframework.web.client.RestTemplate - HTTP POST http://localhost:9090/order-service/api/carts
23:50:19.344 [main] DEBUG org.springframework.web.client.RestTemplate - Accept=[text/plain, application/json, application/*+json, */*]
23:50:19.344 [main] DEBUG org.springframework.web.client.RestTemplate - Writing [{userId=558}] as "application/json"
23:50:19.557 [main] DEBUG org.springframework.web.client.RestTemplate - Response 200 OK
23:50:19.558 [main] DEBUG org.springframework.web.client.RestTemplate - Reading to [java.lang.String] as "application/json"
23:50:19.563 [main] DEBUG org.springframework.web.client.RestTemplate - HTTP POST http://localhost:9090/order-service/api/orders
23:50:19.563 [main] DEBUG org.springframework.web.client.RestTemplate - Accept=[text/plain, application/json, application/*+json, */*]
23:50:19.563 [main] DEBUG org.springframework.web.client.RestTemplate - Writing [{orderFee=50.0, orderDate=30-11-2025__23:50:19:563893, orderDesc=Original order description, cart={cartId=185}}] as "application/json"
23:50:19.727 [main] DEBUG org.springframework.web.client.RestTemplate - Response 200 OK
23:50:19.727 [main] DEBUG org.springframework.web.client.RestTemplate - Reading to [java.lang.String] as "application/json"
23:50:19.727 [main] DEBUG org.springframework.web.client.RestTemplate - HTTP PUT http://localhost:9090/order-service/api/orders
23:50:19.727 [main] DEBUG org.springframework.web.client.RestTemplate - Accept=[text/plain, application/json, application/*+json, */*]
23:50:19.727 [main] DEBUG org.springframework.web.client.RestTemplate - Writing [{orderId=7, orderFee=65.0, orderDate=30-11-2025__23:50:19:563893, orderDesc=Updated order description - expedited shipping, cart={cartId=185}}] as "application/json"
23:50:20.099 [main] DEBUG org.springframework.web.client.RestTemplate - Response 200 OK
23:50:20.099 [main] DEBUG org.springframework.web.client.RestTemplate - Reading to [java.lang.String] as "application/json"
23:50:20.112 [main] DEBUG org.springframework.web.client.RestTemplate - HTTP GET http://localhost:9090/order-service/api/orders/7
23:50:20.112 [main] DEBUG org.springframework.web.client.RestTemplate - Accept=[text/plain, application/json, application/*+json, */*]
23:50:20.326 [main] DEBUG org.springframework.web.client.RestTemplate - Response 200 OK
23:50:20.327 [main] DEBUG org.springframework.web.client.RestTemplate - Reading to [java.lang.String] as "application/json"
✅ Order update workflow completed successfully
🎉 Order Update Workflow Test PASSED!
]]></system-out>
  </testcase>
  <testcase name="testCompleteShoppingJourney" classname="com.selimhorri.app.e2e.ECommerceShoppingFlowE2ETest" time="1.464">
    <error message="400 Bad Request: &quot;{&lt;LF&gt;  &quot;timestamp&quot; : &quot;01-12-2025__04:50:21:545441&quot;,&lt;LF&gt;  &quot;httpStatus&quot; : &quot;BAD_REQUEST&quot;,&lt;LF&gt;  &quot;msg&quot; : &quot;#### No instances available for USER-SERVICE! ####&quot;&lt;LF&gt;}&quot;" type="org.springframework.web.client.HttpClientErrorException$BadRequest"><![CDATA[org.springframework.web.client.HttpClientErrorException$BadRequest: 400 Bad Request: "{<LF>  "timestamp" : "01-12-2025__04:50:21:545441",<LF>  "httpStatus" : "BAD_REQUEST",<LF>  "msg" : "#### No instances available for USER-SERVICE! ####"<LF>}"
	at org.springframework.web.client.HttpClientErrorException.create(HttpClientErrorException.java:101)
	at org.springframework.web.client.DefaultResponseErrorHandler.handleError(DefaultResponseErrorHandler.java:168)
	at org.springframework.web.client.DefaultResponseErrorHandler.handleError(DefaultResponseErrorHandler.java:122)
	at org.springframework.web.client.ResponseErrorHandler.handleError(ResponseErrorHandler.java:63)
	at org.springframework.web.client.RestTemplate.handleResponse(RestTemplate.java:819)
	at org.springframework.web.client.RestTemplate.doExecute(RestTemplate.java:777)
	at org.springframework.web.client.RestTemplate.execute(RestTemplate.java:711)
	at org.springframework.web.client.RestTemplate.exchange(RestTemplate.java:602)
	at com.selimhorri.app.e2e.ECommerceShoppingFlowE2ETest.testCompleteShoppingJourney(ECommerceShoppingFlowE2ETest.java:179)
	at java.base/jdk.internal.reflect.NativeMethodAccessorImpl.invoke0(Native Method)
	at java.base/jdk.internal.reflect.NativeMethodAccessorImpl.invoke(NativeMethodAccessorImpl.java:77)
	at java.base/jdk.internal.reflect.DelegatingMethodAccessorImpl.invoke(DelegatingMethodAccessorImpl.java:43)
	at java.base/java.lang.reflect.Method.invoke(Method.java:568)
	at org.junit.platform.commons.util.ReflectionUtils.invokeMethod(ReflectionUtils.java:688)
	at org.junit.jupiter.engine.execution.MethodInvocation.proceed(MethodInvocation.java:60)
	at org.junit.jupiter.engine.execution.InvocationInterceptorChain$ValidatingInvocation.proceed(InvocationInterceptorChain.java:131)
	at org.junit.jupiter.engine.extension.TimeoutExtension.intercept(TimeoutExtension.java:149)
	at org.junit.jupiter.engine.extension.TimeoutExtension.interceptTestableMethod(TimeoutExtension.java:140)
	at org.junit.jupiter.engine.extension.TimeoutExtension.interceptTestMethod(TimeoutExtension.java:84)
	at org.junit.jupiter.engine.execution.ExecutableInvoker$ReflectiveInterceptorCall.lambda$ofVoidMethod$0(ExecutableInvoker.java:115)
	at org.junit.jupiter.engine.execution.ExecutableInvoker.lambda$invoke$0(ExecutableInvoker.java:105)
	at org.junit.jupiter.engine.execution.InvocationInterceptorChain$InterceptedInvocation.proceed(InvocationInterceptorChain.java:106)
	at org.junit.jupiter.engine.execution.InvocationInterceptorChain.proceed(InvocationInterceptorChain.java:64)
	at org.junit.jupiter.engine.execution.InvocationInterceptorChain.chainAndInvoke(InvocationInterceptorChain.java:45)
	at org.junit.jupiter.engine.execution.InvocationInterceptorChain.invoke(InvocationInterceptorChain.java:37)
	at org.junit.jupiter.engine.execution.ExecutableInvoker.invoke(ExecutableInvoker.java:104)
	at org.junit.jupiter.engine.execution.ExecutableInvoker.invoke(ExecutableInvoker.java:98)
	at org.junit.jupiter.engine.descriptor.TestMethodTestDescriptor.lambda$invokeTestMethod$6(TestMethodTestDescriptor.java:210)
	at org.junit.platform.engine.support.hierarchical.ThrowableCollector.execute(ThrowableCollector.java:73)
	at org.junit.jupiter.engine.descriptor.TestMethodTestDescriptor.invokeTestMethod(TestMethodTestDescriptor.java:206)
	at org.junit.jupiter.engine.descriptor.TestMethodTestDescriptor.execute(TestMethodTestDescriptor.java:131)
	at org.junit.jupiter.engine.descriptor.TestMethodTestDescriptor.execute(TestMethodTestDescriptor.java:65)
	at org.junit.platform.engine.support.hierarchical.NodeTestTask.lambda$executeRecursively$5(NodeTestTask.java:139)
	at org.junit.platform.engine.support.hierarchical.ThrowableCollector.execute(ThrowableCollector.java:73)
	at org.junit.platform.engine.support.hierarchical.NodeTestTask.lambda$executeRecursively$7(NodeTestTask.java:129)
	at org.junit.platform.engine.support.hierarchical.Node.around(Node.java:137)
	at org.junit.platform.engine.support.hierarchical.NodeTestTask.lambda$executeRecursively$8(NodeTestTask.java:127)
	at org.junit.platform.engine.support.hierarchical.ThrowableCollector.execute(ThrowableCollector.java:73)
	at org.junit.platform.engine.support.hierarchical.NodeTestTask.executeRecursively(NodeTestTask.java:126)
	at org.junit.platform.engine.support.hierarchical.NodeTestTask.execute(NodeTestTask.java:84)
	at java.base/java.util.ArrayList.forEach(ArrayList.java:1511)
	at org.junit.platform.engine.support.hierarchical.SameThreadHierarchicalTestExecutorService.invokeAll(SameThreadHierarchicalTestExecutorService.java:38)
	at org.junit.platform.engine.support.hierarchical.NodeTestTask.lambda$executeRecursively$5(NodeTestTask.java:143)
	at org.junit.platform.engine.support.hierarchical.ThrowableCollector.execute(ThrowableCollector.java:73)
	at org.junit.platform.engine.support.hierarchical.NodeTestTask.lambda$executeRecursively$7(NodeTestTask.java:129)
	at org.junit.platform.engine.support.hierarchical.Node.around(Node.java:137)
	at org.junit.platform.engine.support.hierarchical.NodeTestTask.lambda$executeRecursively$8(NodeTestTask.java:127)
	at org.junit.platform.engine.support.hierarchical.ThrowableCollector.execute(ThrowableCollector.java:73)
	at org.junit.platform.engine.support.hierarchical.NodeTestTask.executeRecursively(NodeTestTask.java:126)
	at org.junit.platform.engine.support.hierarchical.NodeTestTask.execute(NodeTestTask.java:84)
	at java.base/java.util.ArrayList.forEach(ArrayList.java:1511)
	at org.junit.platform.engine.support.hierarchical.SameThreadHierarchicalTestExecutorService.invokeAll(SameThreadHierarchicalTestExecutorService.java:38)
	at org.junit.platform.engine.support.hierarchical.NodeTestTask.lambda$executeRecursively$5(NodeTestTask.java:143)
	at org.junit.platform.engine.support.hierarchical.ThrowableCollector.execute(ThrowableCollector.java:73)
	at org.junit.platform.engine.support.hierarchical.NodeTestTask.lambda$executeRecursively$7(NodeTestTask.java:129)
	at org.junit.platform.engine.support.hierarchical.Node.around(Node.java:137)
	at org.junit.platform.engine.support.hierarchical.NodeTestTask.lambda$executeRecursively$8(NodeTestTask.java:127)
	at org.junit.platform.engine.support.hierarchical.ThrowableCollector.execute(ThrowableCollector.java:73)
	at org.junit.platform.engine.support.hierarchical.NodeTestTask.executeRecursively(NodeTestTask.java:126)
	at org.junit.platform.engine.support.hierarchical.NodeTestTask.execute(NodeTestTask.java:84)
	at org.junit.platform.engine.support.hierarchical.SameThreadHierarchicalTestExecutorService.submit(SameThreadHierarchicalTestExecutorService.java:32)
	at org.junit.platform.engine.support.hierarchical.HierarchicalTestExecutor.execute(HierarchicalTestExecutor.java:57)
	at org.junit.platform.engine.support.hierarchical.HierarchicalTestEngine.execute(HierarchicalTestEngine.java:51)
	at org.junit.platform.launcher.core.EngineExecutionOrchestrator.execute(EngineExecutionOrchestrator.java:108)
	at org.junit.platform.launcher.core.EngineExecutionOrchestrator.execute(EngineExecutionOrchestrator.java:88)
	at org.junit.platform.launcher.core.EngineExecutionOrchestrator.lambda$execute$0(EngineExecutionOrchestrator.java:54)
	at org.junit.platform.launcher.core.EngineExecutionOrchestrator.withInterceptedStreams(EngineExecutionOrchestrator.java:67)
	at org.junit.platform.launcher.core.EngineExecutionOrchestrator.execute(EngineExecutionOrchestrator.java:52)
	at org.junit.platform.launcher.core.DefaultLauncher.execute(DefaultLauncher.java:96)
	at org.junit.platform.launcher.core.DefaultLauncher.execute(DefaultLauncher.java:75)
	at org.apache.maven.surefire.junitplatform.LazyLauncher.execute(LazyLauncher.java:55)
	at org.apache.maven.surefire.junitplatform.JUnitPlatformProvider.execute(JUnitPlatformProvider.java:223)
	at org.apache.maven.surefire.junitplatform.JUnitPlatformProvider.invokeAllTests(JUnitPlatformProvider.java:175)
	at org.apache.maven.surefire.junitplatform.JUnitPlatformProvider.invoke(JUnitPlatformProvider.java:139)
	at org.apache.maven.surefire.booter.ForkedBooter.runSuitesInProcess(ForkedBooter.java:456)
	at org.apache.maven.surefire.booter.ForkedBooter.execute(ForkedBooter.java:169)
	at org.apache.maven.surefire.booter.ForkedBooter.run(ForkedBooter.java:595)
	at org.apache.maven.surefire.booter.ForkedBooter.main(ForkedBooter.java:581)
]]></error>
    <system-out><![CDATA[🛒 Starting Complete Shopping Journey Test
📝 Step 1: User Registration
23:50:20.375 [main] DEBUG org.springframework.web.client.RestTemplate - HTTP POST http://localhost:9090/user-service/api/users
23:50:20.375 [main] DEBUG org.springframework.web.client.RestTemplate - Accept=[text/plain, application/json, application/*+json, */*]
23:50:20.379 [main] DEBUG org.springframework.web.client.RestTemplate - Writing [{firstName=Shopper8b1a3c93, lastName=Customer, credential={password=ShopSecure123!, isAccountNonExpired=true, isCredentialsNonExpired=true, isEnabled=true, isAccountNonLocked=true, roleBasedAuthority=ROLE_USER, username=shopper8b1a3c93}, phone=+15558b1a3c9, imageUrl=https://example.com/shopper.jpg, email=shopper8b1a3c93@example.com}] as "application/json"
23:50:20.532 [main] DEBUG org.springframework.web.client.RestTemplate - Response 200 OK
23:50:20.533 [main] DEBUG org.springframework.web.client.RestTemplate - Reading to [java.lang.String] as "application/json"
✅ User registered: 559
📦 Step 2: Product Catalog Setup
23:50:20.535 [main] DEBUG org.springframework.web.client.RestTemplate - HTTP POST http://localhost:9090/product-service/api/products
23:50:20.535 [main] DEBUG org.springframework.web.client.RestTemplate - Accept=[text/plain, application/json, application/*+json, */*]
23:50:20.535 [main] DEBUG org.springframework.web.client.RestTemplate - Writing [{productTitle=E2ETestProduct8b1a3c93, priceUnit=29.99, quantity=100, imageUrl=https://example.com/product.jpg, sku=E2E8b1a3c93, category={categoryId=1}}] as "application/json"
23:50:20.700 [main] DEBUG org.springframework.web.client.RestTemplate - Response 200 OK
23:50:20.701 [main] DEBUG org.springframework.web.client.RestTemplate - Reading to [java.lang.String] as "application/json"
✅ Product created: 19
23:50:20.703 [main] DEBUG org.springframework.web.client.RestTemplate - HTTP GET http://localhost:9090/product-service/api/products/19
23:50:20.703 [main] DEBUG org.springframework.web.client.RestTemplate - Accept=[text/plain, application/json, application/*+json, */*]
23:50:21.024 [main] DEBUG org.springframework.web.client.RestTemplate - Response 200 OK
23:50:21.026 [main] DEBUG org.springframework.web.client.RestTemplate - Reading to [java.lang.String] as "application/json"
✅ Product browsing verified
🛒 Step 3: Shopping Cart Creation
23:50:21.055 [main] DEBUG org.springframework.web.client.RestTemplate - HTTP POST http://localhost:9090/order-service/api/carts
23:50:21.056 [main] DEBUG org.springframework.web.client.RestTemplate - Accept=[text/plain, application/json, application/*+json, */*]
23:50:21.057 [main] DEBUG org.springframework.web.client.RestTemplate - Writing [{userId=559}] as "application/json"
23:50:21.292 [main] DEBUG org.springframework.web.client.RestTemplate - Response 200 OK
23:50:21.292 [main] DEBUG org.springframework.web.client.RestTemplate - Reading to [java.lang.String] as "application/json"
✅ Shopping cart created: 186
23:50:21.294 [main] DEBUG org.springframework.web.client.RestTemplate - HTTP GET http://localhost:9090/order-service/api/carts/186
23:50:21.297 [main] DEBUG org.springframework.web.client.RestTemplate - Accept=[text/plain, application/json, application/*+json, */*]
23:50:21.806 [main] DEBUG org.springframework.web.client.RestTemplate - Response 400 BAD_REQUEST
]]></system-out>
  </testcase>
  <testcase name="testProductInventoryManagement" classname="com.selimhorri.app.e2e.ECommerceShoppingFlowE2ETest" time="0.939">
    <system-out><![CDATA[📊 Testing Product Inventory Management
23:50:21.873 [main] DEBUG org.springframework.web.client.RestTemplate - HTTP POST http://localhost:9090/product-service/api/products
23:50:21.873 [main] DEBUG org.springframework.web.client.RestTemplate - Accept=[text/plain, application/json, application/*+json, */*]
23:50:21.875 [main] DEBUG org.springframework.web.client.RestTemplate - Writing [{productTitle=LimitedProduct8776c04f, priceUnit=99.99, quantity=5, imageUrl=https://example.com/limited.jpg, sku=LIMITED8776c04f, category={categoryId=1}}] as "application/json"
23:50:22.031 [main] DEBUG org.springframework.web.client.RestTemplate - Response 200 OK
23:50:22.031 [main] DEBUG org.springframework.web.client.RestTemplate - Reading to [java.lang.String] as "application/json"
23:50:22.038 [main] DEBUG org.springframework.web.client.RestTemplate - HTTP GET http://localhost:9090/product-service/api/products/20
23:50:22.038 [main] DEBUG org.springframework.web.client.RestTemplate - Accept=[text/plain, application/json, application/*+json, */*]
23:50:22.195 [main] DEBUG org.springframework.web.client.RestTemplate - Response 200 OK
23:50:22.197 [main] DEBUG org.springframework.web.client.RestTemplate - Reading to [java.lang.String] as "application/json"
✅ Initial inventory verified: 5
23:50:22.218 [main] DEBUG org.springframework.web.client.RestTemplate - HTTP PUT http://localhost:9090/product-service/api/products
23:50:22.218 [main] DEBUG org.springframework.web.client.RestTemplate - Accept=[text/plain, application/json, application/*+json, */*]
23:50:22.218 [main] DEBUG org.springframework.web.client.RestTemplate - Writing [{productTitle=LimitedProduct8776c04f, priceUnit=99.99, quantity=3, productId=20, imageUrl=https://example.com/limited.jpg, sku=LIMITED8776c04f, category={categoryId=1}}] as "application/json"
23:50:22.453 [main] DEBUG org.springframework.web.client.RestTemplate - Response 200 OK
23:50:22.453 [main] DEBUG org.springframework.web.client.RestTemplate - Reading to [java.lang.String] as "application/json"
23:50:22.458 [main] DEBUG org.springframework.web.client.RestTemplate - HTTP GET http://localhost:9090/product-service/api/products/20
23:50:22.461 [main] DEBUG org.springframework.web.client.RestTemplate - Accept=[text/plain, application/json, application/*+json, */*]
23:50:22.778 [main] DEBUG org.springframework.web.client.RestTemplate - Response 200 OK
23:50:22.779 [main] DEBUG org.springframework.web.client.RestTemplate - Reading to [java.lang.String] as "application/json"
✅ Inventory successfully updated from 5 to 3
🎉 Product Inventory Management Test PASSED!
]]></system-out>
  </testcase>
</testsuite>